{"/home/travis/build/npmtest/node-npmtest-tn/test.js":{"path":"/home/travis/build/npmtest/node-npmtest-tn/test.js","s":{"1":2,"2":2,"3":2,"4":2,"5":2,"6":2,"7":2,"8":1,"9":2,"10":2,"11":1,"12":1,"13":1,"14":1,"15":2,"16":2,"17":2,"18":2,"19":1,"20":1,"21":2,"22":2,"23":2,"24":1,"25":1,"26":1,"27":1,"28":1,"29":1,"30":1,"31":1,"32":1,"33":1,"34":1,"35":1,"36":1,"37":1,"38":1,"39":2,"40":2,"41":1,"42":2,"43":2,"44":1,"45":2,"46":2,"47":1,"48":2,"49":2,"50":1,"51":1,"52":1,"53":1,"54":1},"b":{"1":[2,1,1,1],"2":[1,1,1,1],"3":[1,1],"4":[1,1],"5":[1,1],"6":[1,1],"7":[1,1],"8":[1,1],"9":[1,1],"10":[1,1,1],"11":[1,1],"12":[1,1],"13":[1,1],"14":[1,1],"15":[1,1],"16":[1,1],"17":[1,1]},"f":{"1":2,"2":2,"3":2,"4":2,"5":2,"6":1,"7":1,"8":1,"9":2,"10":2,"11":2,"12":2,"13":1},"fnMap":{"1":{"name":"(anonymous_1)","line":12,"loc":{"start":{"line":12,"column":1},"end":{"line":12,"column":13}}},"2":{"name":"(anonymous_2)","line":19,"loc":{"start":{"line":19,"column":5},"end":{"line":19,"column":17}}},"3":{"name":"(anonymous_3)","line":23,"loc":{"start":{"line":23,"column":24},"end":{"line":23,"column":36}}},"4":{"name":"(anonymous_4)","line":61,"loc":{"start":{"line":61,"column":5},"end":{"line":61,"column":17}}},"5":{"name":"(anonymous_5)","line":82,"loc":{"start":{"line":82,"column":5},"end":{"line":82,"column":17}}},"6":{"name":"(anonymous_6)","line":91,"loc":{"start":{"line":91,"column":77},"end":{"line":94,"column":10}}},"7":{"name":"(anonymous_7)","line":112,"loc":{"start":{"line":112,"column":83},"end":{"line":115,"column":10}},"skip":true},"8":{"name":"(anonymous_8)","line":123,"loc":{"start":{"line":123,"column":77},"end":{"line":126,"column":10}},"skip":true},"9":{"name":"(anonymous_9)","line":139,"loc":{"start":{"line":139,"column":12},"end":{"line":139,"column":40}},"skip":true},"10":{"name":"(anonymous_10)","line":147,"loc":{"start":{"line":147,"column":77},"end":{"line":150,"column":10}},"skip":true},"11":{"name":"(anonymous_11)","line":158,"loc":{"start":{"line":158,"column":83},"end":{"line":161,"column":10}},"skip":true},"12":{"name":"(anonymous_12)","line":169,"loc":{"start":{"line":169,"column":79},"end":{"line":172,"column":10}},"skip":true},"13":{"name":"(anonymous_13)","line":180,"loc":{"start":{"line":180,"column":75},"end":{"line":183,"column":10}},"skip":true}},"statementMap":{"1":{"start":{"line":12,"column":0},"end":{"line":195,"column":5}},"2":{"start":{"line":14,"column":4},"end":{"line":14,"column":14}},"3":{"start":{"line":19,"column":4},"end":{"line":56,"column":9}},"4":{"start":{"line":21,"column":8},"end":{"line":21,"column":19}},"5":{"start":{"line":23,"column":8},"end":{"line":35,"column":13}},"6":{"start":{"line":24,"column":12},"end":{"line":34,"column":13}},"7":{"start":{"line":25,"column":16},"end":{"line":28,"column":30}},"8":{"start":{"line":30,"column":16},"end":{"line":33,"column":27}},"9":{"start":{"line":37,"column":8},"end":{"line":39,"column":21}},"10":{"start":{"line":40,"column":8},"end":{"line":53,"column":9}},"11":{"start":{"line":43,"column":12},"end":{"line":46,"column":14}},"12":{"start":{"line":47,"column":12},"end":{"line":47,"column":18}},"13":{"start":{"line":50,"column":12},"end":{"line":51,"column":46}},"14":{"start":{"line":52,"column":12},"end":{"line":52,"column":18}},"15":{"start":{"line":55,"column":8},"end":{"line":55,"column":35}},"16":{"start":{"line":61,"column":4},"end":{"line":63,"column":9}},"17":{"start":{"line":62,"column":8},"end":{"line":62,"column":15}},"18":{"start":{"line":64,"column":4},"end":{"line":77,"column":5}},"19":{"start":{"line":70,"column":8},"end":{"line":70,"column":14}},"20":{"start":{"line":76,"column":8},"end":{"line":76,"column":14}},"21":{"start":{"line":82,"column":4},"end":{"line":84,"column":9}},"22":{"start":{"line":83,"column":8},"end":{"line":83,"column":15}},"23":{"start":{"line":85,"column":4},"end":{"line":194,"column":5}},"24":{"start":{"line":91,"column":8},"end":{"line":99,"column":10}},"25":{"start":{"line":98,"column":12},"end":{"line":98,"column":35}},"26":{"start":{"line":102,"column":8},"end":{"line":104,"column":63}},"27":{"start":{"line":105,"column":8},"end":{"line":105,"column":14}},"28":{"start":{"line":112,"column":8},"end":{"line":121,"column":10},"skip":true},"29":{"start":{"line":119,"column":12},"end":{"line":119,"column":55},"skip":true},"30":{"start":{"line":120,"column":12},"end":{"line":120,"column":48},"skip":true},"31":{"start":{"line":123,"column":8},"end":{"line":136,"column":10},"skip":true},"32":{"start":{"line":130,"column":12},"end":{"line":130,"column":76},"skip":true},"33":{"start":{"line":131,"column":12},"end":{"line":131,"column":73},"skip":true},"34":{"start":{"line":132,"column":12},"end":{"line":132,"column":74},"skip":true},"35":{"start":{"line":133,"column":12},"end":{"line":133,"column":79},"skip":true},"36":{"start":{"line":134,"column":12},"end":{"line":134,"column":25},"skip":true},"37":{"start":{"line":135,"column":12},"end":{"line":135,"column":45},"skip":true},"38":{"start":{"line":138,"column":8},"end":{"line":145,"column":14},"skip":true},"39":{"start":{"line":143,"column":16},"end":{"line":143,"column":29},"skip":true},"40":{"start":{"line":144,"column":16},"end":{"line":144,"column":55},"skip":true},"41":{"start":{"line":147,"column":8},"end":{"line":156,"column":10},"skip":true},"42":{"start":{"line":154,"column":12},"end":{"line":154,"column":25},"skip":true},"43":{"start":{"line":155,"column":12},"end":{"line":155,"column":45},"skip":true},"44":{"start":{"line":158,"column":8},"end":{"line":167,"column":10},"skip":true},"45":{"start":{"line":165,"column":12},"end":{"line":165,"column":25},"skip":true},"46":{"start":{"line":166,"column":12},"end":{"line":166,"column":48},"skip":true},"47":{"start":{"line":169,"column":8},"end":{"line":178,"column":10},"skip":true},"48":{"start":{"line":176,"column":12},"end":{"line":176,"column":25},"skip":true},"49":{"start":{"line":177,"column":12},"end":{"line":177,"column":46},"skip":true},"50":{"start":{"line":180,"column":8},"end":{"line":189,"column":10},"skip":true},"51":{"start":{"line":187,"column":12},"end":{"line":187,"column":94},"skip":true},"52":{"start":{"line":188,"column":12},"end":{"line":188,"column":48},"skip":true},"53":{"start":{"line":192,"column":8},"end":{"line":192,"column":35},"skip":true},"54":{"start":{"line":193,"column":8},"end":{"line":193,"column":14},"skip":true}},"branchMap":{"1":{"line":25,"type":"binary-expr","locations":[{"start":{"line":25,"column":23},"end":{"line":25,"column":62}},{"start":{"line":26,"column":20},"end":{"line":26,"column":70}},{"start":{"line":27,"column":20},"end":{"line":27,"column":71}},{"start":{"line":28,"column":20},"end":{"line":28,"column":29}}]},"2":{"line":30,"type":"binary-expr","locations":[{"start":{"line":30,"column":23},"end":{"line":30,"column":37}},{"start":{"line":31,"column":20},"end":{"line":31,"column":61}},{"start":{"line":32,"column":20},"end":{"line":32,"column":70}},{"start":{"line":33,"column":20},"end":{"line":33,"column":26}}]},"3":{"line":37,"type":"cond-expr","locations":[{"start":{"line":38,"column":14},"end":{"line":38,"column":20}},{"start":{"line":39,"column":14},"end":{"line":39,"column":20}}]},"4":{"line":40,"type":"switch","locations":[{"start":{"line":42,"column":8},"end":{"line":47,"column":18}},{"start":{"line":49,"column":8},"end":{"line":52,"column":18}}]},"5":{"line":44,"type":"binary-expr","locations":[{"start":{"line":44,"column":16},"end":{"line":44,"column":44}},{"start":{"line":44,"column":48},"end":{"line":44,"column":66}}]},"6":{"line":50,"type":"binary-expr","locations":[{"start":{"line":50,"column":21},"end":{"line":50,"column":49}},{"start":{"line":50,"column":53},"end":{"line":50,"column":72}}]},"7":{"line":64,"type":"switch","locations":[{"start":{"line":69,"column":4},"end":{"line":70,"column":14}},{"start":{"line":75,"column":4},"end":{"line":76,"column":14}}]},"8":{"line":85,"type":"switch","locations":[{"start":{"line":90,"column":4},"end":{"line":105,"column":14}},{"start":{"line":111,"column":4},"end":{"line":193,"column":14},"skip":true}]},"9":{"line":91,"type":"binary-expr","locations":[{"start":{"line":91,"column":42},"end":{"line":91,"column":73}},{"start":{"line":91,"column":77},"end":{"line":99,"column":9}}]},"10":{"line":102,"type":"binary-expr","locations":[{"start":{"line":102,"column":18},"end":{"line":102,"column":32}},{"start":{"line":103,"column":12},"end":{"line":103,"column":53}},{"start":{"line":104,"column":12},"end":{"line":104,"column":61}}]},"11":{"line":112,"type":"binary-expr","locations":[{"start":{"line":112,"column":45},"end":{"line":112,"column":79},"skip":true},{"start":{"line":112,"column":83},"end":{"line":121,"column":9},"skip":true}]},"12":{"line":123,"type":"binary-expr","locations":[{"start":{"line":123,"column":42},"end":{"line":123,"column":73},"skip":true},{"start":{"line":123,"column":77},"end":{"line":136,"column":9},"skip":true}]},"13":{"line":138,"type":"binary-expr","locations":[{"start":{"line":138,"column":48},"end":{"line":138,"column":85},"skip":true},{"start":{"line":139,"column":12},"end":{"line":145,"column":13},"skip":true}]},"14":{"line":147,"type":"binary-expr","locations":[{"start":{"line":147,"column":42},"end":{"line":147,"column":73},"skip":true},{"start":{"line":147,"column":77},"end":{"line":156,"column":9},"skip":true}]},"15":{"line":158,"type":"binary-expr","locations":[{"start":{"line":158,"column":45},"end":{"line":158,"column":79},"skip":true},{"start":{"line":158,"column":83},"end":{"line":167,"column":9},"skip":true}]},"16":{"line":169,"type":"binary-expr","locations":[{"start":{"line":169,"column":43},"end":{"line":169,"column":75},"skip":true},{"start":{"line":169,"column":79},"end":{"line":178,"column":9},"skip":true}]},"17":{"line":180,"type":"binary-expr","locations":[{"start":{"line":180,"column":41},"end":{"line":180,"column":71},"skip":true},{"start":{"line":180,"column":75},"end":{"line":189,"column":9},"skip":true}]}},"code":["/* istanbul instrument in package npmtest_tn */","/*jslint","    bitwise: true,","    browser: true,","    maxerr: 8,","    maxlen: 96,","    node: true,","    nomen: true,","    regexp: true,","    stupid: true","*/","(function () {","    'use strict';","    var local;","","","","    // run shared js-env code - pre-init","    (function () {","        // init local","        local = {};","        // init modeJs","        local.modeJs = (function () {","            try {","                return typeof navigator.userAgent === 'string' &&","                    typeof document.querySelector('body') === 'object' &&","                    typeof XMLHttpRequest.prototype.open === 'function' &&","                    'browser';","            } catch (errorCaughtBrowser) {","                return module.exports &&","                    typeof process.versions.node === 'string' &&","                    typeof require('http').createServer === 'function' &&","                    'node';","            }","        }());","        // init global","        local.global = local.modeJs === 'browser'","            ? window","            : global;","        switch (local.modeJs) {","        // re-init local from window.local","        case 'browser':","            local = local.global.utility2.objectSetDefault(","                local.global.utility2_rollup || local.global.local,","                local.global.utility2","            );","            break;","        // re-init local from example.js","        case 'node':","            local = (local.global.utility2_rollup || require('utility2'))","                .requireExampleJsFromReadme();","            break;","        }","        // export local","        local.global.local = local;","    }());","","","","    // run shared js-env code - function","    (function () {","        return;","    }());","    switch (local.modeJs) {","","","","    // run browser js-env code - function","    case 'browser':","        break;","","","","    // run node js-env code - function","    case 'node':","        break;","    }","","","","    // run shared js-env code - post-init","    (function () {","        return;","    }());","    switch (local.modeJs) {","","","","    // run browser js-env code - post-init","    case 'browser':","        local.testCase_browser_nullCase = local.testCase_browser_nullCase || function (","            options,","            onError","        ) {","        /*","         * this function will test browsers's null-case handling-behavior-behavior","         */","            onError(null, options);","        };","","        // run tests","        local.nop(local.modeTest &&","            document.querySelector('#testRunButton1') &&","            document.querySelector('#testRunButton1').click());","        break;","","","","    // run node js-env code - post-init","    /* istanbul ignore next */","    case 'node':","        local.testCase_buildApidoc_default = local.testCase_buildApidoc_default || function (","            options,","            onError","        ) {","        /*","         * this function will test buildApidoc's default handling-behavior-behavior","         */","            options = { modulePathList: module.paths };","            local.buildApidoc(options, onError);","        };","","        local.testCase_buildApp_default = local.testCase_buildApp_default || function (","            options,","            onError","        ) {","        /*","         * this function will test buildApp's default handling-behavior-behavior","         */","            local.testCase_buildReadme_default(options, local.onErrorThrow);","            local.testCase_buildLib_default(options, local.onErrorThrow);","            local.testCase_buildTest_default(options, local.onErrorThrow);","            local.testCase_buildCustomOrg_default(options, local.onErrorThrow);","            options = [];","            local.buildApp(options, onError);","        };","","        local.testCase_buildCustomOrg_default = local.testCase_buildCustomOrg_default ||","            function (options, onError) {","            /*","             * this function will test buildCustomOrg's default handling-behavior","             */","                options = {};","                local.buildCustomOrg(options, onError);","            };","","        local.testCase_buildLib_default = local.testCase_buildLib_default || function (","            options,","            onError","        ) {","        /*","         * this function will test buildLib's default handling-behavior","         */","            options = {};","            local.buildLib(options, onError);","        };","","        local.testCase_buildReadme_default = local.testCase_buildReadme_default || function (","            options,","            onError","        ) {","        /*","         * this function will test buildReadme's default handling-behavior-behavior","         */","            options = {};","            local.buildReadme(options, onError);","        };","","        local.testCase_buildTest_default = local.testCase_buildTest_default || function (","            options,","            onError","        ) {","        /*","         * this function will test buildTest's default handling-behavior","         */","            options = {};","            local.buildTest(options, onError);","        };","","        local.testCase_webpage_default = local.testCase_webpage_default || function (","            options,","            onError","        ) {","        /*","         * this function will test webpage's default handling-behavior","         */","            options = { modeCoverageMerge: true, url: local.serverLocalHost + '?modeTest=1' };","            local.browserTest(options, onError);","        };","","        // run test-server","        local.testRunServer(local);","        break;","    }","}());",""],"l":{"12":2,"14":2,"19":2,"21":2,"23":2,"24":2,"25":2,"30":1,"37":2,"40":2,"43":1,"47":1,"50":1,"52":1,"55":2,"61":2,"62":2,"64":2,"70":1,"76":1,"82":2,"83":2,"85":2,"91":1,"98":1,"102":1,"105":1,"112":1,"119":1,"120":1,"123":1,"130":1,"131":1,"132":1,"133":1,"134":1,"135":1,"138":1,"143":2,"144":2,"147":1,"154":2,"155":2,"158":1,"165":2,"166":2,"169":1,"176":2,"177":2,"180":1,"187":1,"188":1,"192":1,"193":1}},"/home/travis/build/npmtest/node-npmtest-tn/lib.npmtest_tn.js":{"path":"/home/travis/build/npmtest/node-npmtest-tn/lib.npmtest_tn.js","s":{"1":2,"2":2,"3":2,"4":2,"5":2,"6":2,"7":2,"8":1,"9":2,"10":2,"11":2,"12":2,"13":1,"14":1,"15":1,"16":1},"b":{"1":[2,1,1,1],"2":[1,1,1,1],"3":[1,1],"4":[2,2],"5":[1,1]},"f":{"1":2,"2":2,"3":2},"fnMap":{"1":{"name":"(anonymous_1)","line":12,"loc":{"start":{"line":12,"column":1},"end":{"line":12,"column":13}}},"2":{"name":"(anonymous_2)","line":19,"loc":{"start":{"line":19,"column":5},"end":{"line":19,"column":17}}},"3":{"name":"(anonymous_3)","line":23,"loc":{"start":{"line":23,"column":24},"end":{"line":23,"column":36}}}},"statementMap":{"1":{"start":{"line":12,"column":0},"end":{"line":53,"column":5}},"2":{"start":{"line":14,"column":4},"end":{"line":14,"column":14}},"3":{"start":{"line":19,"column":4},"end":{"line":52,"column":9}},"4":{"start":{"line":21,"column":8},"end":{"line":21,"column":19}},"5":{"start":{"line":23,"column":8},"end":{"line":35,"column":13}},"6":{"start":{"line":24,"column":12},"end":{"line":34,"column":13}},"7":{"start":{"line":25,"column":16},"end":{"line":28,"column":30}},"8":{"start":{"line":30,"column":16},"end":{"line":33,"column":27}},"9":{"start":{"line":37,"column":8},"end":{"line":39,"column":21}},"10":{"start":{"line":41,"column":8},"end":{"line":41,"column":54}},"11":{"start":{"line":43,"column":8},"end":{"line":43,"column":47}},"12":{"start":{"line":45,"column":8},"end":{"line":51,"column":9}},"13":{"start":{"line":46,"column":12},"end":{"line":46,"column":53}},"14":{"start":{"line":48,"column":12},"end":{"line":48,"column":35}},"15":{"start":{"line":49,"column":12},"end":{"line":49,"column":49}},"16":{"start":{"line":50,"column":12},"end":{"line":50,"column":43}}},"branchMap":{"1":{"line":25,"type":"binary-expr","locations":[{"start":{"line":25,"column":23},"end":{"line":25,"column":62}},{"start":{"line":26,"column":20},"end":{"line":26,"column":70}},{"start":{"line":27,"column":20},"end":{"line":27,"column":71}},{"start":{"line":28,"column":20},"end":{"line":28,"column":29}}]},"2":{"line":30,"type":"binary-expr","locations":[{"start":{"line":30,"column":23},"end":{"line":30,"column":37}},{"start":{"line":31,"column":20},"end":{"line":31,"column":61}},{"start":{"line":32,"column":20},"end":{"line":32,"column":70}},{"start":{"line":33,"column":20},"end":{"line":33,"column":26}}]},"3":{"line":37,"type":"cond-expr","locations":[{"start":{"line":38,"column":14},"end":{"line":38,"column":20}},{"start":{"line":39,"column":14},"end":{"line":39,"column":20}}]},"4":{"line":41,"type":"binary-expr","locations":[{"start":{"line":41,"column":16},"end":{"line":41,"column":44}},{"start":{"line":41,"column":48},"end":{"line":41,"column":53}}]},"5":{"line":45,"type":"if","locations":[{"start":{"line":45,"column":8},"end":{"line":45,"column":8}},{"start":{"line":45,"column":8},"end":{"line":45,"column":8}}]}},"code":["/* istanbul instrument in package npmtest_tn */","/*jslint","    bitwise: true,","    browser: true,","    maxerr: 8,","    maxlen: 96,","    node: true,","    nomen: true,","    regexp: true,","    stupid: true","*/","(function () {","    'use strict';","    var local;","","","","    // run shared js-env code - pre-init","    (function () {","        // init local","        local = {};","        // init modeJs","        local.modeJs = (function () {","            try {","                return typeof navigator.userAgent === 'string' &&","                    typeof document.querySelector('body') === 'object' &&","                    typeof XMLHttpRequest.prototype.open === 'function' &&","                    'browser';","            } catch (errorCaughtBrowser) {","                return module.exports &&","                    typeof process.versions.node === 'string' &&","                    typeof require('http').createServer === 'function' &&","                    'node';","            }","        }());","        // init global","        local.global = local.modeJs === 'browser'","            ? window","            : global;","        // init utility2_rollup","        local = local.global.utility2_rollup || local;","        // init lib","        local.local = local.npmtest_tn = local;","        // init exports","        if (local.modeJs === 'browser') {","            local.global.utility2_npmtest_tn = local;","        } else {","            module.exports = local;","            module.exports.__dirname = __dirname;","            module.exports.module = module;","        }","    }());","}());",""],"l":{"12":2,"14":2,"19":2,"21":2,"23":2,"24":2,"25":2,"30":1,"37":2,"41":2,"43":2,"45":2,"46":1,"48":1,"49":1,"50":1}},"/home/travis/build/npmtest/node-npmtest-tn/example.js":{"path":"/home/travis/build/npmtest/node-npmtest-tn/example.js","s":{"1":2,"2":2,"3":2,"4":2,"5":2,"6":2,"7":2,"8":1,"9":2,"10":2,"11":2,"12":2,"13":1,"14":2,"15":2,"16":2,"17":2,"18":2,"19":0,"20":2,"21":1,"22":1,"23":1,"24":1,"25":1,"26":0,"27":0,"28":1,"29":1,"30":2,"31":0,"32":0,"33":0,"34":1,"35":2,"36":2,"37":3,"38":3,"39":3,"40":3,"41":0,"42":3,"43":3,"44":3,"45":1,"46":3,"47":1,"48":1,"49":1,"50":1,"51":1,"52":1,"53":1,"54":1,"55":1,"56":1,"57":0,"58":1,"59":6,"60":6,"61":1,"62":2,"63":0,"64":2,"65":1,"66":1,"67":0,"68":0,"69":0,"70":0,"71":0,"72":0,"73":0,"74":0,"75":0,"76":0,"77":0,"78":0,"79":0,"80":0,"81":0,"82":0,"83":0},"b":{"1":[2,1,1,1],"2":[1,1,1,1],"3":[1,1],"4":[2,2],"5":[1,1],"6":[1,1],"7":[2,0],"8":[2,1,1,1,1,1],"9":[0,2,0],"10":[1,1],"11":[2,1,1],"12":[1,0],"13":[0,2],"14":[2,0,0,0,0,0,0],"15":[0,3],"16":[3,0],"17":[1,1],"18":[0,1],"19":[1,2,0,2],"20":[1,0],"21":[1,1],"22":[0,0],"23":[0,0],"24":[0,0],"25":[0,0],"26":[0,0],"27":[0,0],"28":[0,0]},"f":{"1":2,"2":2,"3":2,"4":2,"5":2,"6":2,"7":3,"8":3,"9":3,"10":1,"11":6,"12":0},"fnMap":{"1":{"name":"(anonymous_1)","line":26,"loc":{"start":{"line":26,"column":1},"end":{"line":26,"column":13}}},"2":{"name":"(anonymous_2)","line":33,"loc":{"start":{"line":33,"column":5},"end":{"line":33,"column":17}}},"3":{"name":"(anonymous_3)","line":37,"loc":{"start":{"line":37,"column":24},"end":{"line":37,"column":36}}},"4":{"name":"(anonymous_4)","line":69,"loc":{"start":{"line":69,"column":31},"end":{"line":69,"column":48}},"skip":true},"5":{"name":"(anonymous_5)","line":78,"loc":{"start":{"line":78,"column":26},"end":{"line":78,"column":45}},"skip":true},"6":{"name":"(anonymous_6)","line":123,"loc":{"start":{"line":123,"column":33},"end":{"line":123,"column":48}},"skip":true},"7":{"name":"(anonymous_7)","line":125,"loc":{"start":{"line":125,"column":27},"end":{"line":125,"column":39}},"skip":true},"8":{"name":"(anonymous_8)","line":133,"loc":{"start":{"line":133,"column":59},"end":{"line":133,"column":74}},"skip":true},"9":{"name":"(anonymous_9)","line":143,"loc":{"start":{"line":143,"column":45},"end":{"line":143,"column":62}},"skip":true},"10":{"name":"(anonymous_10)","line":144,"loc":{"start":{"line":144,"column":73},"end":{"line":144,"column":92}},"skip":true},"11":{"name":"(anonymous_11)","line":272,"loc":{"start":{"line":272,"column":51},"end":{"line":272,"column":77}},"skip":true},"12":{"name":"(anonymous_12)","line":315,"loc":{"start":{"line":315,"column":32},"end":{"line":315,"column":61}},"skip":true}},"statementMap":{"1":{"start":{"line":26,"column":0},"end":{"line":326,"column":5}},"2":{"start":{"line":28,"column":4},"end":{"line":28,"column":14}},"3":{"start":{"line":33,"column":4},"end":{"line":60,"column":9}},"4":{"start":{"line":35,"column":8},"end":{"line":35,"column":19}},"5":{"start":{"line":37,"column":8},"end":{"line":49,"column":13}},"6":{"start":{"line":38,"column":12},"end":{"line":48,"column":13}},"7":{"start":{"line":39,"column":16},"end":{"line":42,"column":30}},"8":{"start":{"line":44,"column":16},"end":{"line":47,"column":27}},"9":{"start":{"line":51,"column":8},"end":{"line":53,"column":21}},"10":{"start":{"line":55,"column":8},"end":{"line":57,"column":45}},"11":{"start":{"line":59,"column":8},"end":{"line":59,"column":35}},"12":{"start":{"line":61,"column":4},"end":{"line":325,"column":5}},"13":{"start":{"line":69,"column":8},"end":{"line":121,"column":10},"skip":true},"14":{"start":{"line":70,"column":12},"end":{"line":88,"column":13},"skip":true},"15":{"start":{"line":76,"column":16},"end":{"line":87,"column":19},"skip":true},"16":{"start":{"line":79,"column":20},"end":{"line":86,"column":21},"skip":true},"17":{"start":{"line":82,"column":24},"end":{"line":82,"column":43},"skip":true},"18":{"start":{"line":83,"column":24},"end":{"line":83,"column":30},"skip":true},"19":{"start":{"line":85,"column":24},"end":{"line":85,"column":49},"skip":true},"20":{"start":{"line":89,"column":12},"end":{"line":107,"column":13},"skip":true},"21":{"start":{"line":92,"column":16},"end":{"line":102,"column":17},"skip":true},"22":{"start":{"line":93,"column":20},"end":{"line":93,"column":86},"skip":true},"23":{"start":{"line":94,"column":20},"end":{"line":95,"column":45},"skip":true},"24":{"start":{"line":96,"column":20},"end":{"line":96,"column":42},"skip":true},"25":{"start":{"line":97,"column":20},"end":{"line":97,"column":48},"skip":true},"26":{"start":{"line":100,"column":20},"end":{"line":100,"column":85},"skip":true},"27":{"start":{"line":101,"column":20},"end":{"line":101,"column":96},"skip":true},"28":{"start":{"line":103,"column":16},"end":{"line":103,"column":22},"skip":true},"29":{"start":{"line":106,"column":16},"end":{"line":106,"column":22},"skip":true},"30":{"start":{"line":108,"column":12},"end":{"line":120,"column":13},"skip":true},"31":{"start":{"line":114,"column":16},"end":{"line":119,"column":17},"skip":true},"32":{"start":{"line":116,"column":20},"end":{"line":116,"column":78},"skip":true},"33":{"start":{"line":118,"column":20},"end":{"line":118,"column":47},"skip":true},"34":{"start":{"line":123,"column":8},"end":{"line":141,"column":11},"skip":true},"35":{"start":{"line":124,"column":12},"end":{"line":124,"column":54},"skip":true},"36":{"start":{"line":125,"column":12},"end":{"line":140,"column":14},"skip":true},"37":{"start":{"line":126,"column":16},"end":{"line":126,"column":28},"skip":true},"38":{"start":{"line":127,"column":16},"end":{"line":127,"column":69},"skip":true},"39":{"start":{"line":128,"column":16},"end":{"line":128,"column":75},"skip":true},"40":{"start":{"line":129,"column":16},"end":{"line":131,"column":17},"skip":true},"41":{"start":{"line":130,"column":20},"end":{"line":130,"column":27},"skip":true},"42":{"start":{"line":133,"column":16},"end":{"line":137,"column":36},"skip":true},"43":{"start":{"line":134,"column":20},"end":{"line":136,"column":55},"skip":true},"44":{"start":{"line":139,"column":16},"end":{"line":139,"column":57},"skip":true},"45":{"start":{"line":143,"column":8},"end":{"line":147,"column":11},"skip":true},"46":{"start":{"line":144,"column":12},"end":{"line":146,"column":15},"skip":true},"47":{"start":{"line":145,"column":16},"end":{"line":145,"column":70},"skip":true},"48":{"start":{"line":149,"column":8},"end":{"line":149,"column":31},"skip":true},"49":{"start":{"line":150,"column":8},"end":{"line":150,"column":14},"skip":true},"50":{"start":{"line":158,"column":8},"end":{"line":158,"column":31},"skip":true},"51":{"start":{"line":160,"column":8},"end":{"line":160,"column":33},"skip":true},"52":{"start":{"line":161,"column":8},"end":{"line":161,"column":37},"skip":true},"53":{"start":{"line":162,"column":8},"end":{"line":162,"column":35},"skip":true},"54":{"start":{"line":164,"column":8},"end":{"line":164,"column":50},"skip":true},"55":{"start":{"line":166,"column":8},"end":{"line":256,"column":2},"skip":true},"56":{"start":{"line":258,"column":8},"end":{"line":286,"column":9},"skip":true},"57":{"start":{"line":259,"column":12},"end":{"line":269,"column":14},"skip":true},"58":{"start":{"line":271,"column":12},"end":{"line":285,"column":19},"skip":true},"59":{"start":{"line":274,"column":20},"end":{"line":274,"column":35},"skip":true},"60":{"start":{"line":275,"column":20},"end":{"line":284,"column":21},"skip":true},"61":{"start":{"line":277,"column":24},"end":{"line":277,"column":64},"skip":true},"62":{"start":{"line":279,"column":24},"end":{"line":279,"column":40},"skip":true},"63":{"start":{"line":281,"column":24},"end":{"line":281,"column":40},"skip":true},"64":{"start":{"line":283,"column":24},"end":{"line":283,"column":39},"skip":true},"65":{"start":{"line":288,"column":8},"end":{"line":290,"column":9},"skip":true},"66":{"start":{"line":289,"column":12},"end":{"line":289,"column":18},"skip":true},"67":{"start":{"line":291,"column":8},"end":{"line":293,"column":54},"skip":true},"68":{"start":{"line":296,"column":8},"end":{"line":301,"column":37},"skip":true},"69":{"start":{"line":303,"column":8},"end":{"line":303,"column":82},"skip":true},"70":{"start":{"line":306,"column":8},"end":{"line":308,"column":9},"skip":true},"71":{"start":{"line":307,"column":12},"end":{"line":307,"column":82},"skip":true},"72":{"start":{"line":310,"column":8},"end":{"line":312,"column":9},"skip":true},"73":{"start":{"line":311,"column":12},"end":{"line":311,"column":18},"skip":true},"74":{"start":{"line":313,"column":8},"end":{"line":313,"column":54},"skip":true},"75":{"start":{"line":314,"column":8},"end":{"line":314,"column":69},"skip":true},"76":{"start":{"line":315,"column":8},"end":{"line":323,"column":36},"skip":true},"77":{"start":{"line":316,"column":12},"end":{"line":316,"column":61},"skip":true},"78":{"start":{"line":317,"column":12},"end":{"line":320,"column":13},"skip":true},"79":{"start":{"line":318,"column":16},"end":{"line":318,"column":75},"skip":true},"80":{"start":{"line":319,"column":16},"end":{"line":319,"column":23},"skip":true},"81":{"start":{"line":321,"column":12},"end":{"line":321,"column":38},"skip":true},"82":{"start":{"line":322,"column":12},"end":{"line":322,"column":27},"skip":true},"83":{"start":{"line":324,"column":8},"end":{"line":324,"column":14},"skip":true}},"branchMap":{"1":{"line":39,"type":"binary-expr","locations":[{"start":{"line":39,"column":23},"end":{"line":39,"column":62}},{"start":{"line":40,"column":20},"end":{"line":40,"column":70}},{"start":{"line":41,"column":20},"end":{"line":41,"column":71}},{"start":{"line":42,"column":20},"end":{"line":42,"column":29}}]},"2":{"line":44,"type":"binary-expr","locations":[{"start":{"line":44,"column":23},"end":{"line":44,"column":37}},{"start":{"line":45,"column":20},"end":{"line":45,"column":61}},{"start":{"line":46,"column":20},"end":{"line":46,"column":70}},{"start":{"line":47,"column":20},"end":{"line":47,"column":26}}]},"3":{"line":51,"type":"cond-expr","locations":[{"start":{"line":52,"column":14},"end":{"line":52,"column":20}},{"start":{"line":53,"column":14},"end":{"line":53,"column":20}}]},"4":{"line":55,"type":"binary-expr","locations":[{"start":{"line":55,"column":16},"end":{"line":55,"column":44}},{"start":{"line":55,"column":49},"end":{"line":57,"column":43}}]},"5":{"line":55,"type":"cond-expr","locations":[{"start":{"line":56,"column":14},"end":{"line":56,"column":46}},{"start":{"line":57,"column":14},"end":{"line":57,"column":43}}]},"6":{"line":61,"type":"switch","locations":[{"start":{"line":68,"column":4},"end":{"line":150,"column":14},"skip":true},{"start":{"line":156,"column":4},"end":{"line":324,"column":14},"skip":true}]},"7":{"line":70,"type":"if","locations":[{"start":{"line":70,"column":12},"end":{"line":70,"column":12},"skip":true},{"start":{"line":70,"column":12},"end":{"line":70,"column":12},"skip":true}]},"8":{"line":70,"type":"binary-expr","locations":[{"start":{"line":70,"column":16},"end":{"line":70,"column":22},"skip":true},{"start":{"line":70,"column":27},"end":{"line":70,"column":32},"skip":true},{"start":{"line":71,"column":20},"end":{"line":71,"column":39},"skip":true},{"start":{"line":72,"column":20},"end":{"line":72,"column":49},"skip":true},{"start":{"line":73,"column":20},"end":{"line":73,"column":58},"skip":true},{"start":{"line":74,"column":20},"end":{"line":74,"column":69},"skip":true}]},"9":{"line":79,"type":"switch","locations":[{"start":{"line":80,"column":20},"end":{"line":80,"column":33},"skip":true},{"start":{"line":81,"column":20},"end":{"line":83,"column":30},"skip":true},{"start":{"line":84,"column":20},"end":{"line":85,"column":49},"skip":true}]},"10":{"line":89,"type":"switch","locations":[{"start":{"line":90,"column":12},"end":{"line":103,"column":22},"skip":true},{"start":{"line":105,"column":12},"end":{"line":106,"column":22},"skip":true}]},"11":{"line":89,"type":"binary-expr","locations":[{"start":{"line":89,"column":20},"end":{"line":89,"column":25},"skip":true},{"start":{"line":89,"column":29},"end":{"line":89,"column":48},"skip":true},{"start":{"line":89,"column":52},"end":{"line":89,"column":74},"skip":true}]},"12":{"line":92,"type":"if","locations":[{"start":{"line":92,"column":16},"end":{"line":92,"column":16},"skip":true},{"start":{"line":92,"column":16},"end":{"line":92,"column":16},"skip":true}]},"13":{"line":108,"type":"if","locations":[{"start":{"line":108,"column":12},"end":{"line":108,"column":12},"skip":true},{"start":{"line":108,"column":12},"end":{"line":108,"column":12},"skip":true}]},"14":{"line":108,"type":"binary-expr","locations":[{"start":{"line":108,"column":16},"end":{"line":108,"column":61},"skip":true},{"start":{"line":108,"column":66},"end":{"line":108,"column":72},"skip":true},{"start":{"line":108,"column":77},"end":{"line":108,"column":82},"skip":true},{"start":{"line":109,"column":20},"end":{"line":109,"column":39},"skip":true},{"start":{"line":110,"column":20},"end":{"line":110,"column":49},"skip":true},{"start":{"line":111,"column":20},"end":{"line":111,"column":58},"skip":true},{"start":{"line":112,"column":20},"end":{"line":112,"column":68},"skip":true}]},"15":{"line":129,"type":"if","locations":[{"start":{"line":129,"column":16},"end":{"line":129,"column":16},"skip":true},{"start":{"line":129,"column":16},"end":{"line":129,"column":16},"skip":true}]},"16":{"line":134,"type":"cond-expr","locations":[{"start":{"line":135,"column":26},"end":{"line":135,"column":29},"skip":true},{"start":{"line":136,"column":26},"end":{"line":136,"column":54},"skip":true}]},"17":{"line":164,"type":"binary-expr","locations":[{"start":{"line":164,"column":27},"end":{"line":164,"column":43},"skip":true},{"start":{"line":164,"column":47},"end":{"line":164,"column":49},"skip":true}]},"18":{"line":258,"type":"if","locations":[{"start":{"line":258,"column":8},"end":{"line":258,"column":8},"skip":true},{"start":{"line":258,"column":8},"end":{"line":258,"column":8},"skip":true}]},"19":{"line":275,"type":"switch","locations":[{"start":{"line":276,"column":20},"end":{"line":277,"column":64},"skip":true},{"start":{"line":278,"column":20},"end":{"line":279,"column":40},"skip":true},{"start":{"line":280,"column":20},"end":{"line":281,"column":40},"skip":true},{"start":{"line":282,"column":20},"end":{"line":283,"column":39},"skip":true}]},"20":{"line":288,"type":"if","locations":[{"start":{"line":288,"column":8},"end":{"line":288,"column":8},"skip":true},{"start":{"line":288,"column":8},"end":{"line":288,"column":8},"skip":true}]},"21":{"line":288,"type":"binary-expr","locations":[{"start":{"line":288,"column":12},"end":{"line":288,"column":40},"skip":true},{"start":{"line":288,"column":44},"end":{"line":288,"column":67},"skip":true}]},"22":{"line":292,"type":"binary-expr","locations":[{"start":{"line":292,"column":12},"end":{"line":292,"column":50},"skip":true},{"start":{"line":293,"column":12},"end":{"line":293,"column":53},"skip":true}]},"23":{"line":297,"type":"binary-expr","locations":[{"start":{"line":297,"column":12},"end":{"line":297,"column":60},"skip":true},{"start":{"line":298,"column":12},"end":{"line":301,"column":36},"skip":true}]},"24":{"line":303,"type":"binary-expr","locations":[{"start":{"line":303,"column":43},"end":{"line":303,"column":75},"skip":true},{"start":{"line":303,"column":79},"end":{"line":303,"column":81},"skip":true}]},"25":{"line":306,"type":"if","locations":[{"start":{"line":306,"column":8},"end":{"line":306,"column":8},"skip":true},{"start":{"line":306,"column":8},"end":{"line":306,"column":8},"skip":true}]},"26":{"line":310,"type":"if","locations":[{"start":{"line":310,"column":8},"end":{"line":310,"column":8},"skip":true},{"start":{"line":310,"column":8},"end":{"line":310,"column":8},"skip":true}]},"27":{"line":313,"type":"binary-expr","locations":[{"start":{"line":313,"column":27},"end":{"line":313,"column":43},"skip":true},{"start":{"line":313,"column":47},"end":{"line":313,"column":53},"skip":true}]},"28":{"line":317,"type":"if","locations":[{"start":{"line":317,"column":12},"end":{"line":317,"column":12},"skip":true},{"start":{"line":317,"column":12},"end":{"line":317,"column":12},"skip":true}]}},"code":["/*","example.js","","quickstart example","","instruction","    1. save this script as example.js","    2. run the shell command:","        $ npm install npmtest-tn && PORT=8081 node example.js","    3. play with the browser-demo on http://127.0.0.1:8081","*/","","","","/* istanbul instrument in package npmtest_tn */","/*jslint","    bitwise: true,","    browser: true,","    maxerr: 8,","    maxlen: 96,","    node: true,","    nomen: true,","    regexp: true,","    stupid: true","*/","(function () {","    'use strict';","    var local;","","","","    // run shared js-env code - pre-init","    (function () {","        // init local","        local = {};","        // init modeJs","        local.modeJs = (function () {","            try {","                return typeof navigator.userAgent === 'string' &&","                    typeof document.querySelector('body') === 'object' &&","                    typeof XMLHttpRequest.prototype.open === 'function' &&","                    'browser';","            } catch (errorCaughtBrowser) {","                return module.exports &&","                    typeof process.versions.node === 'string' &&","                    typeof require('http').createServer === 'function' &&","                    'node';","            }","        }());","        // init global","        local.global = local.modeJs === 'browser'","            ? window","            : global;","        // init utility2_rollup","        local = local.global.utility2_rollup || (local.modeJs === 'browser'","            ? local.global.utility2_npmtest_tn","            : global.utility2_moduleExports);","        // export local","        local.global.local = local;","    }());","    switch (local.modeJs) {","","","","    // post-init","    // run browser js-env code - post-init","    /* istanbul ignore next */","    case 'browser':","        local.testRunBrowser = function (event) {","            if (!event || (event &&","                    event.currentTarget &&","                    event.currentTarget.className &&","                    event.currentTarget.className.includes &&","                    event.currentTarget.className.includes('onreset'))) {","                // reset output","                Array.from(","                    document.querySelectorAll('body > .resettable')","                ).forEach(function (element) {","                    switch (element.tagName) {","                    case 'INPUT':","                    case 'TEXTAREA':","                        element.value = '';","                        break;","                    default:","                        element.textContent = '';","                    }","                });","            }","            switch (event && event.currentTarget && event.currentTarget.id) {","            case 'testRunButton1':","                // show tests","                if (document.querySelector('#testReportDiv1').style.display === 'none') {","                    document.querySelector('#testReportDiv1').style.display = 'block';","                    document.querySelector('#testRunButton1').textContent =","                        'hide internal test';","                    local.modeTest = true;","                    local.testRunDefault(local);","                // hide tests","                } else {","                    document.querySelector('#testReportDiv1').style.display = 'none';","                    document.querySelector('#testRunButton1').textContent = 'run internal test';","                }","                break;","            // custom-case","            default:","                break;","            }","            if (document.querySelector('#inputTextareaEval1') && (!event || (event &&","                    event.currentTarget &&","                    event.currentTarget.className &&","                    event.currentTarget.className.includes &&","                    event.currentTarget.className.includes('oneval')))) {","                // try to eval input-code","                try {","                    /*jslint evil: true*/","                    eval(document.querySelector('#inputTextareaEval1').value);","                } catch (errorCaught) {","                    console.error(errorCaught);","                }","            }","        };","        // log stderr and stdout to #outputTextareaStdout1","        ['error', 'log'].forEach(function (key) {","            console[key + '_original'] = console[key];","            console[key] = function () {","                var element;","                console[key + '_original'].apply(console, arguments);","                element = document.querySelector('#outputTextareaStdout1');","                if (!element) {","                    return;","                }","                // append text to #outputTextareaStdout1","                element.value += Array.from(arguments).map(function (arg) {","                    return typeof arg === 'string'","                        ? arg","                        : JSON.stringify(arg, null, 4);","                }).join(' ') + '\\n';","                // scroll textarea to bottom","                element.scrollTop = element.scrollHeight;","            };","        });","        // init event-handling","        ['change', 'click', 'keyup'].forEach(function (event) {","            Array.from(document.querySelectorAll('.on' + event)).forEach(function (element) {","                element.addEventListener(event, local.testRunBrowser);","            });","        });","        // run tests","        local.testRunBrowser();","        break;","","","","    // run node js-env code - post-init","    /* istanbul ignore next */","    case 'node':","        // export local","        module.exports = local;","        // require modules","        local.fs = require('fs');","        local.http = require('http');","        local.url = require('url');","        // init assets","        local.assetsDict = local.assetsDict || {};","        /* jslint-ignore-begin */","        local.assetsDict['/assets.index.template.html'] = '\\","<!doctype html>\\n\\","<html lang=\"en\">\\n\\","<head>\\n\\","<meta charset=\"UTF-8\">\\n\\","<meta name=\"viewport\" content=\"width=device-width, initial-scale=1\">\\n\\","<title>{{env.npm_package_name}} (v{{env.npm_package_version}})</title>\\n\\","<style>\\n\\","/*csslint\\n\\","    box-sizing: false,\\n\\","    universal-selector: false\\n\\","*/\\n\\","* {\\n\\","    box-sizing: border-box;\\n\\","}\\n\\","body {\\n\\","    background: #dde;\\n\\","    font-family: Arial, Helvetica, sans-serif;\\n\\","    margin: 2rem;\\n\\","}\\n\\","body > * {\\n\\","    margin-bottom: 1rem;\\n\\","}\\n\\",".utility2FooterDiv {\\n\\","    margin-top: 20px;\\n\\","    text-align: center;\\n\\","}\\n\\","</style>\\n\\","<style>\\n\\","/*csslint\\n\\","*/\\n\\","textarea {\\n\\","    font-family: monospace;\\n\\","    height: 10rem;\\n\\","    width: 100%;\\n\\","}\\n\\","textarea[readonly] {\\n\\","    background: #ddd;\\n\\","}\\n\\","</style>\\n\\","</head>\\n\\","<body>\\n\\","<!-- utility2-comment\\n\\","<div id=\"ajaxProgressDiv1\" style=\"background: #d00; height: 2px; left: 0; margin: 0; padding: 0; position: fixed; top: 0; transition: background 0.5s, width 1.5s; width: 25%;\"></div>\\n\\","utility2-comment -->\\n\\","<h1>\\n\\","<!-- utility2-comment\\n\\","    <a\\n\\","        {{#if env.npm_package_homepage}}\\n\\","        href=\"{{env.npm_package_homepage}}\"\\n\\","        {{/if env.npm_package_homepage}}\\n\\","        target=\"_blank\"\\n\\","    >\\n\\","utility2-comment -->\\n\\","        {{env.npm_package_name}} (v{{env.npm_package_version}})\\n\\","<!-- utility2-comment\\n\\","    </a>\\n\\","utility2-comment -->\\n\\","</h1>\\n\\","<h3>{{env.npm_package_description}}</h3>\\n\\","<!-- utility2-comment\\n\\","<h4><a download href=\"assets.app.js\">download standalone app</a></h4>\\n\\","<button class=\"onclick onreset\" id=\"testRunButton1\">run internal test</button><br>\\n\\","<div id=\"testReportDiv1\" style=\"display: none;\"></div>\\n\\","utility2-comment -->\\n\\","\\n\\","\\n\\","\\n\\","<label>stderr and stdout</label>\\n\\","<textarea class=\"resettable\" id=\"outputTextareaStdout1\" readonly></textarea>\\n\\","<!-- utility2-comment\\n\\","{{#if isRollup}}\\n\\","<script src=\"assets.app.js\"></script>\\n\\","{{#unless isRollup}}\\n\\","utility2-comment -->\\n\\","<script src=\"assets.utility2.rollup.js\"></script>\\n\\","<script src=\"jsonp.utility2._stateInit?callback=window.utility2._stateInit\"></script>\\n\\","<script src=\"assets.npmtest_tn.rollup.js\"></script>\\n\\","<script src=\"assets.example.js\"></script>\\n\\","<script src=\"assets.test.js\"></script>\\n\\","<!-- utility2-comment\\n\\","{{/if isRollup}}\\n\\","utility2-comment -->\\n\\","<div class=\"utility2FooterDiv\">\\n\\","    [ this app was created with\\n\\","    <a href=\"https://github.com/kaizhu256/node-utility2\" target=\"_blank\">utility2</a>\\n\\","    ]\\n\\","</div>\\n\\","</body>\\n\\","</html>\\n\\","';","        /* jslint-ignore-end */","        if (local.templateRender) {","            local.assetsDict['/'] = local.templateRender(","                local.assetsDict['/assets.index.template.html'],","                {","                    env: local.objectSetDefault(local.env, {","                        npm_package_description: 'the greatest app in the world!',","                        npm_package_name: 'my-app',","                        npm_package_nameAlias: 'my_app',","                        npm_package_version: '0.0.1'","                    })","                }","            );","        } else {","            local.assetsDict['/'] = local.assetsDict['/assets.index.template.html']","                .replace((/\\{\\{env\\.(\\w+?)\\}\\}/g), function (match0, match1) {","                    // jslint-hack","                    String(match0);","                    switch (match1) {","                    case 'npm_package_description':","                        return 'the greatest app in the world!';","                    case 'npm_package_name':","                        return 'my-app';","                    case 'npm_package_nameAlias':","                        return 'my_app';","                    case 'npm_package_version':","                        return '0.0.1';","                    }","                });","        }","        // run the cli","        if (local.global.utility2_rollup || module !== require.main) {","            break;","        }","        local.assetsDict['/assets.example.js'] =","            local.assetsDict['/assets.example.js'] ||","            local.fs.readFileSync(__filename, 'utf8');","        // bug-workaround - long $npm_package_buildCustomOrg","        /* jslint-ignore-begin */","        local.assetsDict['/assets.npmtest_tn.rollup.js'] =","            local.assetsDict['/assets.npmtest_tn.rollup.js'] ||","            local.fs.readFileSync(","                local.npmtest_tn.__dirname + '/lib.npmtest_tn.js',","                'utf8'","            ).replace((/^#!/), '//');","        /* jslint-ignore-end */","        local.assetsDict['/favicon.ico'] = local.assetsDict['/favicon.ico'] || '';","        // if $npm_config_timeout_exit exists,","        // then exit this process after $npm_config_timeout_exit ms","        if (Number(process.env.npm_config_timeout_exit)) {","            setTimeout(process.exit, Number(process.env.npm_config_timeout_exit));","        }","        // start server","        if (local.global.utility2_serverHttp1) {","            break;","        }","        process.env.PORT = process.env.PORT || '8081';","        console.error('server starting on port ' + process.env.PORT);","        local.http.createServer(function (request, response) {","            request.urlParsed = local.url.parse(request.url);","            if (local.assetsDict[request.urlParsed.pathname] !== undefined) {","                response.end(local.assetsDict[request.urlParsed.pathname]);","                return;","            }","            response.statusCode = 404;","            response.end();","        }).listen(process.env.PORT);","        break;","    }","}());",""],"l":{"26":2,"28":2,"33":2,"35":2,"37":2,"38":2,"39":2,"44":1,"51":2,"55":2,"59":2,"61":2,"69":1,"70":2,"76":2,"79":2,"82":2,"83":2,"85":1,"89":2,"92":1,"93":1,"94":1,"96":1,"97":1,"100":1,"101":1,"103":1,"106":1,"108":2,"114":1,"116":1,"118":1,"123":1,"124":2,"125":2,"126":3,"127":3,"128":3,"129":3,"130":1,"133":3,"134":3,"139":3,"143":1,"144":3,"145":1,"149":1,"150":1,"158":1,"160":1,"161":1,"162":1,"164":1,"166":1,"258":1,"259":1,"271":1,"274":6,"275":6,"277":1,"279":2,"281":1,"283":2,"288":1,"289":1,"291":1,"296":1,"303":1,"306":1,"307":1,"310":1,"311":1,"313":1,"314":1,"315":1,"316":1,"317":1,"318":1,"319":1,"321":1,"322":1,"324":1}},"/home/travis/build/npmtest/node-npmtest-tn/node_modules/tn/main.js":{"path":"/home/travis/build/npmtest/node-npmtest-tn/node_modules/tn/main.js","s":{"1":1,"2":1,"3":0,"4":0,"5":0},"b":{"1":[0,0]},"f":{"1":0},"fnMap":{"1":{"name":"(anonymous_1)","line":3,"loc":{"start":{"line":3,"column":16},"end":{"line":3,"column":32}}}},"statementMap":{"1":{"start":{"line":1,"column":0},"end":{"line":1,"column":39}},"2":{"start":{"line":3,"column":0},"end":{"line":9,"column":2}},"3":{"start":{"line":4,"column":1},"end":{"line":4,"column":10}},"4":{"start":{"line":6,"column":1},"end":{"line":6,"column":27}},"5":{"start":{"line":8,"column":1},"end":{"line":8,"column":34}}},"branchMap":{"1":{"line":8,"type":"cond-expr","locations":[{"start":{"line":8,"column":15},"end":{"line":8,"column":26}},{"start":{"line":8,"column":29},"end":{"line":8,"column":33}}]}},"code":["var kitchen = require('./lib/kitchen');","","exports.parse = function (args) {","\tvar tray;","","\ttray = kitchen.cook(args);","","\treturn tray ? tray.dinner : args;","};",""],"l":{"1":1,"3":1,"4":0,"6":0,"8":0}},"/home/travis/build/npmtest/node-npmtest-tn/node_modules/tn/lib/kitchen.js":{"path":"/home/travis/build/npmtest/node-npmtest-tn/node_modules/tn/lib/kitchen.js","s":{"1":1,"2":1,"3":1,"4":1,"5":1,"6":0,"7":0,"8":0,"9":0,"10":0,"11":0,"12":0,"13":0,"14":0,"15":0,"16":0,"17":0,"18":0,"19":1,"20":0,"21":0,"22":0,"23":0,"24":0,"25":0,"26":0,"27":0,"28":0,"29":0,"30":0,"31":0,"32":0,"33":0,"34":0,"35":0,"36":0,"37":0,"38":0,"39":0,"40":0,"41":0,"42":0,"43":0,"44":1,"45":0,"46":0,"47":0,"48":0,"49":0,"50":0,"51":0,"52":0,"53":0,"54":0,"55":0,"56":0,"57":0,"58":0,"59":0,"60":0,"61":0,"62":0,"63":0,"64":1,"65":0,"66":0,"67":0,"68":0,"69":0,"70":0,"71":0,"72":0,"73":0,"74":0,"75":0,"76":0,"77":0,"78":0,"79":0,"80":0,"81":0,"82":0,"83":0,"84":0,"85":0,"86":0,"87":0,"88":0,"89":0,"90":0},"b":{"1":[0,0],"2":[0,0],"3":[0,0],"4":[0,0],"5":[0,0],"6":[0,0],"7":[0,0],"8":[0,0],"9":[0,0],"10":[0,0],"11":[0,0],"12":[0,0],"13":[0,0],"14":[0,0],"15":[0,0],"16":[0,0],"17":[0,0],"18":[0,0],"19":[0,0],"20":[0,0],"21":[0,0],"22":[0,0],"23":[0,0],"24":[0,0],"25":[0,0],"26":[0,0],"27":[0,0],"28":[0,0],"29":[0,0],"30":[0,0],"31":[0,0],"32":[0,0],"33":[0,0],"34":[0,0],"35":[0,0],"36":[0,0],"37":[0,0],"38":[0,0]},"f":{"1":0,"2":0,"3":0,"4":0,"5":0,"6":0,"7":0},"fnMap":{"1":{"name":"cook","line":14,"loc":{"start":{"line":14,"column":0},"end":{"line":14,"column":26}}},"2":{"name":"heat","line":50,"loc":{"start":{"line":50,"column":2},"end":{"line":50,"column":45}}},"3":{"name":"confirm","line":109,"loc":{"start":{"line":109,"column":0},"end":{"line":109,"column":28}}},"4":{"name":"(anonymous_4)","line":125,"loc":{"start":{"line":125,"column":12},"end":{"line":125,"column":34}}},"5":{"name":"(anonymous_5)","line":138,"loc":{"start":{"line":138,"column":18},"end":{"line":138,"column":35}}},"6":{"name":"(anonymous_6)","line":148,"loc":{"start":{"line":148,"column":16},"end":{"line":148,"column":38}}},"7":{"name":"decorate","line":168,"loc":{"start":{"line":168,"column":0},"end":{"line":168,"column":23}}}},"statementMap":{"1":{"start":{"line":3,"column":0},"end":{"line":4,"column":29}},"2":{"start":{"line":6,"column":0},"end":{"line":9,"column":29}},"3":{"start":{"line":11,"column":0},"end":{"line":11,"column":20}},"4":{"start":{"line":12,"column":0},"end":{"line":12,"column":26}},"5":{"start":{"line":14,"column":0},"end":{"line":107,"column":1}},"6":{"start":{"line":15,"column":2},"end":{"line":15,"column":24}},"7":{"start":{"line":17,"column":2},"end":{"line":17,"column":22}},"8":{"start":{"line":20,"column":2},"end":{"line":22,"column":3}},"9":{"start":{"line":21,"column":4},"end":{"line":21,"column":11}},"10":{"start":{"line":25,"column":2},"end":{"line":27,"column":3}},"11":{"start":{"line":26,"column":4},"end":{"line":26,"column":11}},"12":{"start":{"line":30,"column":2},"end":{"line":30,"column":22}},"13":{"start":{"line":33,"column":2},"end":{"line":43,"column":3}},"14":{"start":{"line":36,"column":4},"end":{"line":36,"column":21}},"15":{"start":{"line":39,"column":4},"end":{"line":39,"column":26}},"16":{"start":{"line":42,"column":4},"end":{"line":42,"column":31}},"17":{"start":{"line":46,"column":2},"end":{"line":48,"column":3}},"18":{"start":{"line":47,"column":4},"end":{"line":47,"column":27}},"19":{"start":{"line":50,"column":2},"end":{"line":98,"column":3}},"20":{"start":{"line":51,"column":4},"end":{"line":51,"column":60}},"21":{"start":{"line":53,"column":4},"end":{"line":53,"column":10}},"22":{"start":{"line":56,"column":4},"end":{"line":95,"column":5}},"23":{"start":{"line":57,"column":6},"end":{"line":57,"column":20}},"24":{"start":{"line":59,"column":6},"end":{"line":59,"column":46}},"25":{"start":{"line":61,"column":6},"end":{"line":92,"column":7}},"26":{"start":{"line":62,"column":8},"end":{"line":62,"column":26}},"27":{"start":{"line":64,"column":8},"end":{"line":91,"column":9}},"28":{"start":{"line":67,"column":10},"end":{"line":90,"column":11}},"29":{"start":{"line":73,"column":12},"end":{"line":73,"column":91}},"30":{"start":{"line":75,"column":12},"end":{"line":75,"column":141}},"31":{"start":{"line":78,"column":12},"end":{"line":78,"column":46}},"32":{"start":{"line":79,"column":12},"end":{"line":79,"column":87}},"33":{"start":{"line":81,"column":12},"end":{"line":81,"column":38}},"34":{"start":{"line":82,"column":12},"end":{"line":82,"column":52}},"35":{"start":{"line":84,"column":12},"end":{"line":84,"column":48}},"36":{"start":{"line":86,"column":12},"end":{"line":86,"column":164}},"37":{"start":{"line":89,"column":12},"end":{"line":89,"column":35}},"38":{"start":{"line":94,"column":6},"end":{"line":94,"column":10}},"39":{"start":{"line":97,"column":4},"end":{"line":97,"column":16}},"40":{"start":{"line":100,"column":2},"end":{"line":100,"column":28}},"41":{"start":{"line":102,"column":2},"end":{"line":102,"column":22}},"42":{"start":{"line":104,"column":2},"end":{"line":104,"column":20}},"43":{"start":{"line":106,"column":2},"end":{"line":106,"column":14}},"44":{"start":{"line":109,"column":0},"end":{"line":166,"column":1}},"45":{"start":{"line":111,"column":2},"end":{"line":165,"column":5}},"46":{"start":{"line":127,"column":4},"end":{"line":164,"column":5}},"47":{"start":{"line":128,"column":6},"end":{"line":128,"column":20}},"48":{"start":{"line":129,"column":6},"end":{"line":129,"column":36}},"49":{"start":{"line":131,"column":11},"end":{"line":164,"column":5}},"50":{"start":{"line":132,"column":6},"end":{"line":132,"column":12}},"51":{"start":{"line":134,"column":11},"end":{"line":164,"column":5}},"52":{"start":{"line":136,"column":6},"end":{"line":160,"column":9}},"53":{"start":{"line":140,"column":10},"end":{"line":142,"column":11}},"54":{"start":{"line":141,"column":12},"end":{"line":141,"column":24}},"55":{"start":{"line":144,"column":10},"end":{"line":144,"column":59}},"56":{"start":{"line":146,"column":10},"end":{"line":146,"column":23}},"57":{"start":{"line":150,"column":8},"end":{"line":156,"column":9}},"58":{"start":{"line":151,"column":10},"end":{"line":151,"column":24}},"59":{"start":{"line":152,"column":10},"end":{"line":152,"column":40}},"60":{"start":{"line":154,"column":10},"end":{"line":154,"column":24}},"61":{"start":{"line":155,"column":10},"end":{"line":155,"column":43}},"62":{"start":{"line":158,"column":8},"end":{"line":158,"column":23}},"63":{"start":{"line":163,"column":6},"end":{"line":163,"column":21}},"64":{"start":{"line":168,"column":0},"end":{"line":225,"column":1}},"65":{"start":{"line":169,"column":2},"end":{"line":169,"column":55}},"66":{"start":{"line":172,"column":2},"end":{"line":174,"column":3}},"67":{"start":{"line":173,"column":4},"end":{"line":173,"column":25}},"68":{"start":{"line":177,"column":2},"end":{"line":179,"column":3}},"69":{"start":{"line":178,"column":4},"end":{"line":178,"column":26}},"70":{"start":{"line":181,"column":2},"end":{"line":222,"column":3}},"71":{"start":{"line":182,"column":4},"end":{"line":182,"column":17}},"72":{"start":{"line":184,"column":4},"end":{"line":221,"column":5}},"73":{"start":{"line":185,"column":6},"end":{"line":185,"column":41}},"74":{"start":{"line":188,"column":6},"end":{"line":204,"column":7}},"75":{"start":{"line":189,"column":8},"end":{"line":189,"column":26}},"76":{"start":{"line":191,"column":8},"end":{"line":197,"column":9}},"77":{"start":{"line":192,"column":10},"end":{"line":192,"column":44}},"78":{"start":{"line":193,"column":15},"end":{"line":197,"column":9}},"79":{"start":{"line":194,"column":10},"end":{"line":194,"column":39}},"80":{"start":{"line":196,"column":10},"end":{"line":196,"column":21}},"81":{"start":{"line":199,"column":8},"end":{"line":203,"column":9}},"82":{"start":{"line":200,"column":10},"end":{"line":200,"column":30}},"83":{"start":{"line":202,"column":10},"end":{"line":202,"column":132}},"84":{"start":{"line":207,"column":6},"end":{"line":220,"column":7}},"85":{"start":{"line":209,"column":8},"end":{"line":219,"column":9}},"86":{"start":{"line":211,"column":10},"end":{"line":211,"column":70}},"87":{"start":{"line":213,"column":10},"end":{"line":213,"column":37}},"88":{"start":{"line":216,"column":10},"end":{"line":216,"column":42}},"89":{"start":{"line":218,"column":10},"end":{"line":218,"column":140}},"90":{"start":{"line":224,"column":2},"end":{"line":224,"column":13}}},"branchMap":{"1":{"line":17,"type":"binary-expr","locations":[{"start":{"line":17,"column":2},"end":{"line":17,"column":6}},{"start":{"line":17,"column":11},"end":{"line":17,"column":20}}]},"2":{"line":20,"type":"if","locations":[{"start":{"line":20,"column":2},"end":{"line":20,"column":2}},{"start":{"line":20,"column":2},"end":{"line":20,"column":2}}]},"3":{"line":20,"type":"binary-expr","locations":[{"start":{"line":20,"column":6},"end":{"line":20,"column":22}},{"start":{"line":20,"column":26},"end":{"line":20,"column":43}}]},"4":{"line":25,"type":"if","locations":[{"start":{"line":25,"column":2},"end":{"line":25,"column":2}},{"start":{"line":25,"column":2},"end":{"line":25,"column":2}}]},"5":{"line":33,"type":"if","locations":[{"start":{"line":33,"column":2},"end":{"line":33,"column":2}},{"start":{"line":33,"column":2},"end":{"line":33,"column":2}}]},"6":{"line":46,"type":"if","locations":[{"start":{"line":46,"column":2},"end":{"line":46,"column":2}},{"start":{"line":46,"column":2},"end":{"line":46,"column":2}}]},"7":{"line":46,"type":"binary-expr","locations":[{"start":{"line":46,"column":6},"end":{"line":46,"column":33}},{"start":{"line":46,"column":37},"end":{"line":46,"column":56}}]},"8":{"line":61,"type":"if","locations":[{"start":{"line":61,"column":6},"end":{"line":61,"column":6}},{"start":{"line":61,"column":6},"end":{"line":61,"column":6}}]},"9":{"line":64,"type":"if","locations":[{"start":{"line":64,"column":8},"end":{"line":64,"column":8}},{"start":{"line":64,"column":8},"end":{"line":64,"column":8}}]},"10":{"line":64,"type":"binary-expr","locations":[{"start":{"line":64,"column":12},"end":{"line":64,"column":16}},{"start":{"line":64,"column":20},"end":{"line":64,"column":37}}]},"11":{"line":67,"type":"if","locations":[{"start":{"line":67,"column":10},"end":{"line":67,"column":10}},{"start":{"line":67,"column":10},"end":{"line":67,"column":10}}]},"12":{"line":67,"type":"binary-expr","locations":[{"start":{"line":67,"column":14},"end":{"line":67,"column":27}},{"start":{"line":67,"column":31},"end":{"line":67,"column":62}}]},"13":{"line":73,"type":"cond-expr","locations":[{"start":{"line":73,"column":72},"end":{"line":73,"column":83}},{"start":{"line":73,"column":86},"end":{"line":73,"column":90}}]},"14":{"line":73,"type":"binary-expr","locations":[{"start":{"line":73,"column":21},"end":{"line":73,"column":32}},{"start":{"line":73,"column":36},"end":{"line":73,"column":68}}]},"15":{"line":75,"type":"binary-expr","locations":[{"start":{"line":75,"column":12},"end":{"line":75,"column":26}},{"start":{"line":75,"column":30},"end":{"line":75,"column":140}}]},"16":{"line":75,"type":"cond-expr","locations":[{"start":{"line":75,"column":104},"end":{"line":75,"column":125}},{"start":{"line":75,"column":128},"end":{"line":75,"column":130}}]},"17":{"line":79,"type":"binary-expr","locations":[{"start":{"line":79,"column":42},"end":{"line":79,"column":55}},{"start":{"line":79,"column":59},"end":{"line":79,"column":61}}]},"18":{"line":82,"type":"cond-expr","locations":[{"start":{"line":82,"column":44},"end":{"line":82,"column":45}},{"start":{"line":82,"column":48},"end":{"line":82,"column":49}}]},"19":{"line":86,"type":"binary-expr","locations":[{"start":{"line":86,"column":12},"end":{"line":86,"column":26}},{"start":{"line":86,"column":30},"end":{"line":86,"column":163}}]},"20":{"line":127,"type":"if","locations":[{"start":{"line":127,"column":4},"end":{"line":127,"column":4}},{"start":{"line":127,"column":4},"end":{"line":127,"column":4}}]},"21":{"line":131,"type":"if","locations":[{"start":{"line":131,"column":11},"end":{"line":131,"column":11}},{"start":{"line":131,"column":11},"end":{"line":131,"column":11}}]},"22":{"line":134,"type":"if","locations":[{"start":{"line":134,"column":11},"end":{"line":134,"column":11}},{"start":{"line":134,"column":11},"end":{"line":134,"column":11}}]},"23":{"line":140,"type":"if","locations":[{"start":{"line":140,"column":10},"end":{"line":140,"column":10}},{"start":{"line":140,"column":10},"end":{"line":140,"column":10}}]},"24":{"line":150,"type":"if","locations":[{"start":{"line":150,"column":8},"end":{"line":150,"column":8}},{"start":{"line":150,"column":8},"end":{"line":150,"column":8}}]},"25":{"line":172,"type":"if","locations":[{"start":{"line":172,"column":2},"end":{"line":172,"column":2}},{"start":{"line":172,"column":2},"end":{"line":172,"column":2}}]},"26":{"line":177,"type":"if","locations":[{"start":{"line":177,"column":2},"end":{"line":177,"column":2}},{"start":{"line":177,"column":2},"end":{"line":177,"column":2}}]},"27":{"line":177,"type":"binary-expr","locations":[{"start":{"line":177,"column":6},"end":{"line":177,"column":48}},{"start":{"line":177,"column":52},"end":{"line":177,"column":86}}]},"28":{"line":184,"type":"if","locations":[{"start":{"line":184,"column":4},"end":{"line":184,"column":4}},{"start":{"line":184,"column":4},"end":{"line":184,"column":4}}]},"29":{"line":188,"type":"if","locations":[{"start":{"line":188,"column":6},"end":{"line":188,"column":6}},{"start":{"line":188,"column":6},"end":{"line":188,"column":6}}]},"30":{"line":191,"type":"if","locations":[{"start":{"line":191,"column":8},"end":{"line":191,"column":8}},{"start":{"line":191,"column":8},"end":{"line":191,"column":8}}]},"31":{"line":193,"type":"if","locations":[{"start":{"line":193,"column":15},"end":{"line":193,"column":15}},{"start":{"line":193,"column":15},"end":{"line":193,"column":15}}]},"32":{"line":193,"type":"binary-expr","locations":[{"start":{"line":193,"column":19},"end":{"line":193,"column":35}},{"start":{"line":193,"column":39},"end":{"line":193,"column":61}}]},"33":{"line":199,"type":"if","locations":[{"start":{"line":199,"column":8},"end":{"line":199,"column":8}},{"start":{"line":199,"column":8},"end":{"line":199,"column":8}}]},"34":{"line":202,"type":"binary-expr","locations":[{"start":{"line":202,"column":10},"end":{"line":202,"column":24}},{"start":{"line":202,"column":28},"end":{"line":202,"column":131}}]},"35":{"line":209,"type":"if","locations":[{"start":{"line":209,"column":8},"end":{"line":209,"column":8}},{"start":{"line":209,"column":8},"end":{"line":209,"column":8}}]},"36":{"line":211,"type":"cond-expr","locations":[{"start":{"line":211,"column":64},"end":{"line":211,"column":65}},{"start":{"line":211,"column":68},"end":{"line":211,"column":69}}]},"37":{"line":211,"type":"binary-expr","locations":[{"start":{"line":211,"column":15},"end":{"line":211,"column":25}},{"start":{"line":211,"column":29},"end":{"line":211,"column":60}}]},"38":{"line":218,"type":"binary-expr","locations":[{"start":{"line":218,"column":10},"end":{"line":218,"column":24}},{"start":{"line":218,"column":28},"end":{"line":218,"column":139}}]}},"code":["'use strict';","","var _ = require('underscore'),","  fields = require('fields');","","var config = require('./config'),","  recipes = require('./recipes'),","  logger = require('./logger'),","  utils = require('./utils');","","exports.cook = cook;","exports.confirm = confirm;","","function cook(ingr, opts) {","  var pan, i, tray = {};","","  opts || (opts = {});","","  // no ingredients, no cooking","  if (!_.isArray(ingr) || ingr.length === 0) {","    return;","  }","","  // skip help, version and --skip","  if (_.intersection(ingr, ['-h', '--help', '-v', '--version']).length > 0) {","    return;","  }","","  // don't change original object","  pan = _.clone(ingr);","","  // --verbose","  if ((i = pan.indexOf('--verbose')) !== -1) {","","    // remove","    pan.splice(i, 1);","","    // set flag","    config.verbose = true;","","    // save remainder as original recipe","    tray.recipe = _.clone(pan);","  }","","  // first ingredient is a command recipe","  if (pan[0].substr(0, 1) !== '-' && recipes.has(pan[0])) {","    pan[0] = '--' + pan[0];","  }","","  function heat(args, doNotOverheat, prefix) {","    var i, arg, matches, name, value, recipe, before, after;","","    i = 0;","","    // loop until end","    while (i < args.length) {","      arg = args[i];","","      matches = arg.match(/^--([a-z0-9-]+)$/);","","      if (matches) {","        name = matches[1];","","        if (name && recipes.has(name)) {","","          // prevent infinite loop","          if (doNotOverheat && _.contains(doNotOverheat, name)) {","            // config.verbose && logger.debug('Skipped ' + name.cyan + ' recursive recipe'.white);","","          } else {","","            // find if next arg is value","            value = (args[i + 1] && args[i + 1].substr(0, 1) !== '-') ? args[i + 1] : null;","","            config.verbose && logger.debug(prefix + 'Cooking ' + name.cyan + ' recipe'.white + (value ? ' with ' + value.cyan : '') + ' ..');","","            // replace recipe name (and value) with the args of the recipe","            recipe = recipes.get(name, value);","            recipe = heat(recipe, _.union(doNotOverheat || [], [name]), prefix + '  ');","","            before = args.slice(0, i);","            after = args.slice(i + (value ? 2 : 1));","","            args = before.concat(recipe, after);","","            config.verbose && logger.debug(prefix + '.. into: '.white + utils.join(before).yellow + ' ' + utils.join(recipe).cyan + ' ' + utils.join(after).yellow);","","            // hop over the heated recipe","            i += recipe.length - 1;","          }","        }","      }","","      i++;","    }","","    return args;","  }","","  pan = heat(pan, null, '');","","  pan = decorate(pan);","","  tray.dinner = pan;","","  return tray;","}","","function confirm(tray, eat) {","","  fields.select({","    title: 'What would you like me to do?',","    numbered: true,","    default: 1,","    options: [{","      label: 'Execute: ' + 'ti '.yellow + utils.join(tray.dinner).yellow,","      value: 'execute'","    }, {","      label: 'Save as recipe: ' + utils.join(tray.recipe).yellow,","      value: 'save'","    }, {","      label: 'Exit',","      value: 'exit'","    }]","  }).prompt(function (err, value) {","","    if (err) {","      console.log();","      console.error(('' + err).red);","","    } else if (value === 'execute') {","      eat();","","    } else if (value === 'save') {","","      fields.text({","        title: 'What do you want to name it?',","        validate: function (value) {","","          if (/^([a-z0-9]+(?:-[a-z0-9]+)*)$/i.test(value)) {","            return true;","          }","","          console.error('Error: format as: my-Recipe'.red);","","          return false;","        }","      }).prompt(function (err, value) {","","        if (err) {","          console.log();","          console.error(('' + err).red);","        } else {","          console.log();","          recipes.save(value, tray.recipe);","        }","","        process.exit();","","      });","","    } else {","      process.exit();","    }","  });","}","","function decorate(pan) {","  var platform, i, arg, matches, shrt, lng, j, l, dupe;","","  // assume build","  if (pan[0][0] === '-') {","    pan.unshift('build');","  }","","  // read the (last) platform","  if ((i = pan.lastIndexOf('--platform')) !== -1 || (i = pan.lastIndexOf('-p')) !== -1) {","    platform = pan[i + 1];","  }","","  for (i = 0; i < pan.length; i++) {","    arg = pan[i];","","    if (arg.substr(0, 1) === '-') {","      matches = arg.match(/^-([a-z])$/i);","","      // resolve aliases","      if (matches) {","        shrt = matches[1];","","        if (config.aliases.shared[shrt]) {","          lng = config.aliases.shared[shrt];","        } else if (config[platform] && config[platform][shrt]) {","          lng = config[platform][shrt];","        } else {","          lng = null;","        }","","        if (lng) {","          pan[i] = '--' + lng;","","          config.verbose && logger.debug('Resolved ' + shrt.cyan + ' option alias: '.white + 'ti '.yellow + utils.join(pan).yellow);","        }","      }","","      // remove earlier duplicates","      for (j = 0; j < i; j++) {","","        if (pan[j] === pan[i]) {","","          l = (pan[j + 1] && pan[j + 1].substr(0, 1) !== '-') ? 2 : 1;","","          dupe = pan.slice(j, j + l);","","          // remove duplicate option (+ value) and rebase i","          i = i - pan.splice(j, l).length;","","          config.verbose && logger.debug('Removed ' + utils.join(dupe).cyan + ' duplicate: '.white + 'ti '.yellow + utils.join(pan).yellow);","        }","      }","    }","  }","","  return pan;","}",""],"l":{"3":1,"6":1,"11":1,"12":1,"14":1,"15":0,"17":0,"20":0,"21":0,"25":0,"26":0,"30":0,"33":0,"36":0,"39":0,"42":0,"46":0,"47":0,"50":1,"51":0,"53":0,"56":0,"57":0,"59":0,"61":0,"62":0,"64":0,"67":0,"73":0,"75":0,"78":0,"79":0,"81":0,"82":0,"84":0,"86":0,"89":0,"94":0,"97":0,"100":0,"102":0,"104":0,"106":0,"109":1,"111":0,"127":0,"128":0,"129":0,"131":0,"132":0,"134":0,"136":0,"140":0,"141":0,"144":0,"146":0,"150":0,"151":0,"152":0,"154":0,"155":0,"158":0,"163":0,"168":1,"169":0,"172":0,"173":0,"177":0,"178":0,"181":0,"182":0,"184":0,"185":0,"188":0,"189":0,"191":0,"192":0,"193":0,"194":0,"196":0,"199":0,"200":0,"202":0,"207":0,"209":0,"211":0,"213":0,"216":0,"218":0,"224":0}},"/home/travis/build/npmtest/node-npmtest-tn/node_modules/tn/lib/config.js":{"path":"/home/travis/build/npmtest/node-npmtest-tn/node_modules/tn/lib/config.js","s":{"1":1},"b":{},"f":{},"fnMap":{},"statementMap":{"1":{"start":{"line":1,"column":0},"end":{"line":52,"column":2}}},"branchMap":{},"code":["module.exports = {","","  verbose: false,","","  aliases: {","    android: {","      A: 'android-sdk',","      B: 'avd-abi',","      D: 'deploy-type',","      I: 'avd-id',","      K: 'keystore',","      L: 'alias',","      P: 'store-password',","      S: 'avd-skin'","    },","    blackberry: {","      A: 'ip-address',","      D: 'debug-token',","      K: 'keystore-password',","      N: 'ndk',","      P: 'password'","    },","    ios: {","      D: 'deploy-type',","      F: 'device-family',","      I: 'ios-version',","      K: 'keychain',","      P: 'pp-uuid',","      R: 'distribution-name',","      S: 'sim-version',","      V: 'developer-name',","      Y: 'sim-type'","    },","    mobileweb: {","      D: 'deploy-type'","    },","    shared: {","      C: 'device-id',","      O: 'output-dir',","      T: 'target',","","      b: 'build-only',","      f: 'force',","      d: 'project-dir',","      p: 'platform',","      q: 'quiet',","      s: 'sdk'","    }","","  }","","};"],"l":{"1":1}},"/home/travis/build/npmtest/node-npmtest-tn/node_modules/tn/lib/recipes.js":{"path":"/home/travis/build/npmtest/node-npmtest-tn/node_modules/tn/lib/recipes.js","s":{"1":1,"2":1,"3":1,"4":1,"5":1,"6":1,"7":1,"8":1,"9":1,"10":1,"11":1,"12":1,"13":1,"14":0,"15":1,"16":0,"17":0,"18":0,"19":0,"20":0,"21":0,"22":0,"23":0,"24":1,"25":0,"26":0,"27":0,"28":0,"29":0,"30":0,"31":0,"32":0,"33":0,"34":0,"35":0,"36":0,"37":0,"38":0,"39":0,"40":0,"41":0,"42":0,"43":0,"44":0,"45":1,"46":0,"47":0,"48":0,"49":0,"50":0,"51":0,"52":0,"53":0,"54":0,"55":0,"56":0,"57":0,"58":0,"59":0,"60":0,"61":0,"62":0,"63":0,"64":0,"65":0,"66":0,"67":0,"68":0,"69":0,"70":0,"71":0,"72":0,"73":0,"74":1,"75":0,"76":0,"77":0,"78":0,"79":0,"80":0,"81":0,"82":0,"83":0,"84":0,"85":0,"86":0,"87":0,"88":0,"89":1,"90":0,"91":0,"92":0,"93":0,"94":0,"95":0,"96":0,"97":0,"98":0,"99":0,"100":0,"101":0,"102":0,"103":0,"104":0,"105":1,"106":0,"107":0,"108":0,"109":0,"110":0,"111":0,"112":1,"113":0,"114":0,"115":0,"116":0},"b":{"1":[0,1],"2":[0,1],"3":[0,1],"4":[0,0],"5":[0,0],"6":[0,0],"7":[0,0],"8":[0,0],"9":[0,0],"10":[0,0],"11":[0,0],"12":[0,0],"13":[0,0],"14":[0,0],"15":[0,0],"16":[0,0],"17":[0,0],"18":[0,0],"19":[0,0],"20":[0,0],"21":[0,0],"22":[0,0],"23":[0,0],"24":[0,0],"25":[0,0],"26":[0,0],"27":[0,0],"28":[0,0],"29":[0,0],"30":[0,0],"31":[0,0],"32":[0,0],"33":[0,0],"34":[0,0],"35":[0,0],"36":[0,0],"37":[0,0],"38":[0,0],"39":[0,0],"40":[0,0],"41":[0,0],"42":[0,0],"43":[0,0]},"f":{"1":0,"2":0,"3":0,"4":0,"5":0,"6":0,"7":0,"8":0,"9":0,"10":0,"11":0},"fnMap":{"1":{"name":"has","line":25,"loc":{"start":{"line":25,"column":0},"end":{"line":25,"column":19}}},"2":{"name":"get","line":29,"loc":{"start":{"line":29,"column":0},"end":{"line":29,"column":31}}},"3":{"name":"(anonymous_3)","line":40,"loc":{"start":{"line":40,"column":27},"end":{"line":40,"column":41}}},"4":{"name":"list","line":50,"loc":{"start":{"line":50,"column":0},"end":{"line":50,"column":25}}},"5":{"name":"(anonymous_5)","line":54,"loc":{"start":{"line":54,"column":27},"end":{"line":54,"column":50}}},"6":{"name":"(anonymous_6)","line":66,"loc":{"start":{"line":66,"column":18},"end":{"line":66,"column":35}}},"7":{"name":"save","line":93,"loc":{"start":{"line":93,"column":0},"end":{"line":93,"column":38}}},"8":{"name":"remove","line":139,"loc":{"start":{"line":139,"column":0},"end":{"line":139,"column":34}}},"9":{"name":"rename","line":167,"loc":{"start":{"line":167,"column":0},"end":{"line":167,"column":48}}},"10":{"name":"reset","line":194,"loc":{"start":{"line":194,"column":0},"end":{"line":194,"column":25}}},"11":{"name":"validateRecipeName","line":207,"loc":{"start":{"line":207,"column":0},"end":{"line":207,"column":34}}}},"statementMap":{"1":{"start":{"line":1,"column":0},"end":{"line":6,"column":28}},"2":{"start":{"line":8,"column":0},"end":{"line":8,"column":18}},"3":{"start":{"line":9,"column":0},"end":{"line":9,"column":18}},"4":{"start":{"line":10,"column":0},"end":{"line":10,"column":20}},"5":{"start":{"line":11,"column":0},"end":{"line":11,"column":20}},"6":{"start":{"line":12,"column":0},"end":{"line":12,"column":24}},"7":{"start":{"line":13,"column":0},"end":{"line":13,"column":24}},"8":{"start":{"line":14,"column":0},"end":{"line":14,"column":22}},"9":{"start":{"line":16,"column":0},"end":{"line":16,"column":85}},"10":{"start":{"line":17,"column":0},"end":{"line":17,"column":49}},"11":{"start":{"line":18,"column":0},"end":{"line":18,"column":55}},"12":{"start":{"line":20,"column":0},"end":{"line":23,"column":81}},"13":{"start":{"line":25,"column":0},"end":{"line":27,"column":1}},"14":{"start":{"line":26,"column":2},"end":{"line":26,"column":39}},"15":{"start":{"line":29,"column":0},"end":{"line":48,"column":1}},"16":{"start":{"line":30,"column":2},"end":{"line":30,"column":13}},"17":{"start":{"line":32,"column":2},"end":{"line":36,"column":3}},"18":{"start":{"line":33,"column":4},"end":{"line":33,"column":47}},"19":{"start":{"line":35,"column":4},"end":{"line":35,"column":36}},"20":{"start":{"line":38,"column":2},"end":{"line":45,"column":3}},"21":{"start":{"line":40,"column":4},"end":{"line":44,"column":7}},"22":{"start":{"line":43,"column":6},"end":{"line":43,"column":43}},"23":{"start":{"line":47,"column":2},"end":{"line":47,"column":16}},"24":{"start":{"line":50,"column":0},"end":{"line":91,"column":1}},"25":{"start":{"line":52,"column":2},"end":{"line":59,"column":3}},"26":{"start":{"line":54,"column":4},"end":{"line":56,"column":7}},"27":{"start":{"line":55,"column":6},"end":{"line":55,"column":63}},"28":{"start":{"line":58,"column":4},"end":{"line":58,"column":11}},"29":{"start":{"line":61,"column":2},"end":{"line":61,"column":179}},"30":{"start":{"line":62,"column":2},"end":{"line":62,"column":16}},"31":{"start":{"line":64,"column":2},"end":{"line":64,"column":48}},"32":{"start":{"line":66,"column":2},"end":{"line":88,"column":5}},"33":{"start":{"line":67,"column":4},"end":{"line":68,"column":12}},"34":{"start":{"line":70,"column":4},"end":{"line":76,"column":5}},"35":{"start":{"line":71,"column":6},"end":{"line":71,"column":94}},"36":{"start":{"line":72,"column":11},"end":{"line":76,"column":5}},"37":{"start":{"line":73,"column":6},"end":{"line":73,"column":62}},"38":{"start":{"line":75,"column":6},"end":{"line":75,"column":22}},"39":{"start":{"line":78,"column":4},"end":{"line":78,"column":22}},"40":{"start":{"line":80,"column":4},"end":{"line":84,"column":5}},"41":{"start":{"line":81,"column":6},"end":{"line":81,"column":29}},"42":{"start":{"line":83,"column":6},"end":{"line":83,"column":35}},"43":{"start":{"line":86,"column":4},"end":{"line":86,"column":56}},"44":{"start":{"line":90,"column":2},"end":{"line":90,"column":16}},"45":{"start":{"line":93,"column":0},"end":{"line":137,"column":1}},"46":{"start":{"line":95,"column":2},"end":{"line":97,"column":3}},"47":{"start":{"line":96,"column":4},"end":{"line":96,"column":11}},"48":{"start":{"line":99,"column":2},"end":{"line":99,"column":32}},"49":{"start":{"line":101,"column":2},"end":{"line":113,"column":3}},"50":{"start":{"line":102,"column":4},"end":{"line":102,"column":51}},"51":{"start":{"line":103,"column":9},"end":{"line":113,"column":3}},"52":{"start":{"line":104,"column":4},"end":{"line":104,"column":48}},"53":{"start":{"line":105,"column":9},"end":{"line":113,"column":3}},"54":{"start":{"line":106,"column":4},"end":{"line":106,"column":57}},"55":{"start":{"line":107,"column":9
[...]
fy(recipes_user));","  }","","  logger.info('Renamed recipe: ' + oldRecipe.yellow + ' > ' + newRecipe.yellow);","  recipes_combined = _.extend({}, recipes_system, recipes_user);","","  console.log();","}","","function reset(location) {","","  if (location == 'project') {","    fs.unlinkSync(path_project);","    logger.info('Reset project recipes');","  } else {","    fs.unlinkSync(path_user);","    logger.info('Reset user recipes');","  }","","  console.log();","}","","function validateRecipeName(name) {","","  if (!name.match(/^[a-z0-9]+(-[a-z0-9]+)*$/i)) {","    logger.error('Invalid recipe name: ' + (name || '(none)').yellow);","    return false;","  }","","  return true;","}"],"l":{"1":1,"8":1,"9":1,"10":1,"11":1,"12":1,"13":1,"14":1,"16":1,"17":1,"18":1,"20":1,"25":1,"26":0,"29":1,"30":0,"32":0,"33":0,"35":0,"38":0,"40":0,"43":0,"47":0,"50":1,"52":0,"54":0,"55":0,"58":0,"61":0,"62":0,"64":0,"66":0,"67":0,"70":0,"71":0,"72":0,"73":0,"75":0,"78":0,"80":0,"81":0,"83":0,"86":0,"90":0,"93":1,"95":0,"96":0,"99":0,"101":0,"102":0,"103":0,"104":0,"105":0,"106":0,"107":0,"108":0,"109":0,"110":0,"112":0,"115":0,"116":0,"117":0,"119":0,"120":0,"123":0,"125":0,"126":0,"127":0,"128":0,"130":0,"133":0,"134":0,"136":0,"139":1,"141":0,"142":0,"145":0,"147":0,"148":0,"149":0,"152":0,"153":0,"154":0,"156":0,"157":0,"160":0,"162":0,"164":0,"167":1,"169":0,"170":0,"173":0,"174":0,"175":0,"178":0,"179":0,"180":0,"181":0,"183":0,"184":0,"185":0,"188":0,"189":0,"191":0,"194":1,"196":0,"197":0,"198":0,"200":0,"201":0,"204":0,"207":1,"209":0,"210":0,"211":0,"214":0}},"/home/travis/build/npmtest/node-npmtest-tn/node_modules/tn/lib/logger.js":{"path":"/home/travis/build/npmtest/node-npmtest-tn/node_modules/tn/lib/logger.js","s":{"1":1,"2":1,"3":1,"4":6,"5":0},"b":{"1":[0,0],"2":[0,0]},"f":{"1":6,"2":0},"fnMap":{"1":{"name":"(anonymous_1)","line":27,"loc":{"start":{"line":27,"column":15},"end":{"line":27,"column":41}}},"2":{"name":"(anonymous_2)","line":28,"loc":{"start":{"line":28,"column":19},"end":{"line":28,"column":33}}}},"statementMap":{"1":{"start":{"line":1,"column":0},"end":{"line":2,"column":28}},"2":{"start":{"line":4,"column":0},"end":{"line":25,"column":2}},"3":{"start":{"line":27,"column":0},"end":{"line":31,"column":3}},"4":{"start":{"line":28,"column":2},"end":{"line":30,"column":4}},"5":{"start":{"line":29,"column":4},"end":{"line":29,"column":168}}},"branchMap":{"1":{"line":29,"type":"binary-expr","locations":[{"start":{"line":29,"column":12},"end":{"line":29,"column":26}},{"start":{"line":29,"column":30},"end":{"line":29,"column":35}}]},"2":{"line":29,"type":"cond-expr","locations":[{"start":{"line":29,"column":110},"end":{"line":29,"column":147}},{"start":{"line":29,"column":151},"end":{"line":29,"column":153}}]}},"code":["var colors = require('colors'),","  _ = require('underscore');","","var levels = {","  info: {","    color: colors.white","  },","  trace: {","    color: colors.grey","  },","  debug: {","    color: colors.blue,","    level: 'log'","  },","  error: {","    color: colors.red","  },","  warn: {","    color: colors.yellow","  },","  ok: {","    color: colors.green,","    level: 'info'","  }","};","","_.each(levels, function(settings, label) {","  exports[label] = function(msg) {","    console[settings.level || label](settings.color('[' + label.toUpperCase() + ']') + (label.length !== 5 ? (new Array(6 - label.length).join(' ')) : '') + ' ' + msg);","  };","});"],"l":{"1":1,"4":1,"27":1,"28":6,"29":0}},"/home/travis/build/npmtest/node-npmtest-tn/node_modules/tn/lib/utils.js":{"path":"/home/travis/build/npmtest/node-npmtest-tn/node_modules/tn/lib/utils.js","s":{"1":1,"2":1,"3":1,"4":0,"5":0,"6":0,"7":0,"8":0,"9":0,"10":0},"b":{"1":[0,0]},"f":{"1":0,"2":0},"fnMap":{"1":{"name":"join","line":5,"loc":{"start":{"line":5,"column":0},"end":{"line":5,"column":20}}},"2":{"name":"(anonymous_2)","line":8,"loc":{"start":{"line":8,"column":15},"end":{"line":8,"column":29}}}},"statementMap":{"1":{"start":{"line":1,"column":0},"end":{"line":1,"column":30}},"2":{"start":{"line":3,"column":0},"end":{"line":3,"column":20}},"3":{"start":{"line":5,"column":0},"end":{"line":22,"column":1}},"4":{"start":{"line":6,"column":2},"end":{"line":6,"column":18}},"5":{"start":{"line":8,"column":2},"end":{"line":17,"column":5}},"6":{"start":{"line":11,"column":4},"end":{"line":15,"column":5}},"7":{"start":{"line":12,"column":6},"end":{"line":12,"column":33}},"8":{"start":{"line":14,"column":6},"end":{"line":14,"column":26}},"9":{"start":{"line":19,"column":2},"end":{"line":19,"column":28}},"10":{"start":{"line":21,"column":2},"end":{"line":21,"column":16}}},"branchMap":{"1":{"line":11,"type":"if","locations":[{"start":{"line":11,"column":4},"end":{"line":11,"column":4}},{"start":{"line":11,"column":4},"end":{"line":11,"column":4}}]}},"code":["var _ = require('underscore');","","exports.join = join;","","function join(args) {","  var joined = '';","","  _.each(args, function(arg) {","","    // has space","    if (arg.indexOf(' ') !== -1) {","      joined += ' \"' + arg + '\"';","    } else {","      joined += ' ' + arg;","    }","","  });","","  joined = joined.substr(1);","","  return joined;","}"],"l":{"1":1,"3":1,"5":1,"6":0,"8":0,"11":0,"12":0,"14":0,"19":0,"21":0}},"/home/travis/build/npmtest/node-npmtest-tn/node_modules/tn/lib/setup.js":{"path":"/home/travis/build/npmtest/node-npmtest-tn/node_modules/tn/lib/setup.js","s":{"1":1,"2":1,"3":1,"4":1,"5":1,"6":1,"7":0,"8":0,"9":1,"10":0,"11":0,"12":0,"13":0,"14":0,"15":0,"16":0,"17":0,"18":0,"19":0,"20":0,"21":0,"22":0,"23":0,"24":0,"25":0,"26":0,"27":0,"28":0,"29":0,"30":0,"31":0,"32":0,"33":0,"34":0,"35":0,"36":0,"37":0,"38":0,"39":0,"40":0,"41":0,"42":0,"43":0,"44":0,"45":0,"46":0,"47":0,"48":0,"49":0,"50":0,"51":0,"52":0,"53":0,"54":1,"55":0,"56":0,"57":0,"58":0,"59":0,"60":0,"61":0},"b":{"1":[0,0],"2":[0,0],"3":[0,0],"4":[0,0],"5":[0,0],"6":[0,0],"7":[0,0],"8":[0,0],"9":[0,0],"10":[0,0],"11":[0,0],"12":[0,0],"13":[0,0],"14":[0,0],"15":[0,0],"16":[0,0],"17":[0,0],"18":[0,0],"19":[0,0],"20":[0,0],"21":[0,0],"22":[0,0],"23":[0,0],"24":[0,0]},"f":{"1":0,"2":0,"3":0,"4":0,"5":0,"6":0,"7":0,"8":0,"9":0,"10":0},"fnMap":{"1":{"name":"uninstall","line":14,"loc":{"start":{"line":14,"column":0},"end":{"line":14,"column":21}}},"2":{"name":"(anonymous_2)","line":19,"loc":{"start":{"line":19,"column":5},"end":{"line":19,"column":17}}},"3":{"name":"generate","line":22,"loc":{"start":{"line":22,"column":0},"end":{"line":22,"column":20}}},"4":{"name":"process","line":26,"loc":{"start":{"line":26,"column":36},"end":{"line":26,"column":76}}},"5":{"name":"forEach","line":41,"loc":{"start":{"line":41,"column":43},"end":{"line":41,"column":65}}},"6":{"name":"forEach","line":53,"loc":{"start":{"line":53,"column":41},"end":{"line":53,"column":63}}},"7":{"name":"forEach","line":68,"loc":{"start":{"line":68,"column":37},"end":{"line":68,"column":59}}},"8":{"name":"forEach","line":97,"loc":{"start":{"line":97,"column":27},"end":{"line":97,"column":53}}},"9":{"name":"forEach","line":99,"loc":{"start":{"line":99,"column":37},"end":{"line":99,"column":59}}},"10":{"name":"arraysIdentical","line":122,"loc":{"start":{"line":122,"column":0},"end":{"line":122,"column":31}}}},"statementMap":{"1":{"start":{"line":3,"column":0},"end":{"line":3,"column":27}},"2":{"start":{"line":5,"column":0},"end":{"line":7,"column":34}},"3":{"start":{"line":9,"column":0},"end":{"line":9,"column":30}},"4":{"start":{"line":10,"column":0},"end":{"line":10,"column":28}},"5":{"start":{"line":12,"column":0},"end":{"line":12,"column":50}},"6":{"start":{"line":14,"column":0},"end":{"line":20,"column":1}},"7":{"start":{"line":15,"column":2},"end":{"line":15,"column":64}},"8":{"start":{"line":17,"column":2},"end":{"line":19,"column":21}},"9":{"start":{"line":22,"column":0},"end":{"line":120,"column":1}},"10":{"start":{"line":24,"column":2},"end":{"line":24,"column":74}},"11":{"start":{"line":26,"column":2},"end":{"line":119,"column":5}},"12":{"start":{"line":28,"column":4},"end":{"line":117,"column":5}},"13":{"start":{"line":29,"column":6},"end":{"line":29,"column":87}},"14":{"start":{"line":33,"column":6},"end":{"line":33,"column":20}},"15":{"start":{"line":35,"column":6},"end":{"line":35,"column":38}},"16":{"start":{"line":37,"column":6},"end":{"line":62,"column":7}},"17":{"start":{"line":39,"column":8},"end":{"line":49,"column":9}},"18":{"start":{"line":41,"column":10},"end":{"line":48,"column":13}},"19":{"start":{"line":42,"column":12},"end":{"line":42,"column":94}},"20":{"start":{"line":43,"column":12},"end":{"line":43,"column":78}},"21":{"start":{"line":45,"column":12},"end":{"line":47,"column":13}},"22":{"start":{"line":46,"column":14},"end":{"line":46,"column":41}},"23":{"start":{"line":51,"column":8},"end":{"line":61,"column":9}},"24":{"start":{"line":53,"column":10},"end":{"line":60,"column":13}},"25":{"start":{"line":54,"column":12},"end":{"line":54,"column":94}},"26":{"start":{"line":55,"column":12},"end":{"line":55,"column":74}},"27":{"start":{"line":57,"column":12},"end":{"line":59,"column":13}},"28":{"start":{"line":58,"column":14},"end":{"line":58,"column":41}},"29":{"start":{"line":64,"column":6},"end":{"line":114,"column":7}},"30":{"start":{"line":66,"column":8},"end":{"line":81,"column":9}},"31":{"start":{"line":68,"column":10},"end":{"line":80,"column":13}},"32":{"start":{"line":70,"column":12},"end":{"line":72,"column":13}},"33":{"start":{"line":71,"column":14},"end":{"line":71,"column":21}},"34":{"start":{"line":74,"column":12},"end":{"line":74,"column":74}},"35":{"start":{"line":75,"column":12},"end":{"line":75,"column":72}},"36":{"start":{"line":77,"column":12},"end":{"line":79,"column":13}},"37":{"start":{"line":78,"column":14},"end":{"line":78,"column":41}},"38":{"start":{"line":83,"column":8},"end":{"line":113,"column":9}},"39":{"start":{"line":84,"column":10},"end":{"line":84,"column":37}},"40":{"start":{"line":87,"column":10},"end":{"line":87,"column":102}},"41":{"start":{"line":89,"column":10},"end":{"line":91,"column":11}},"42":{"start":{"line":90,"column":12},"end":{"line":90,"column":35}},"43":{"start":{"line":94,"column":10},"end":{"line":94,"column":26}},"44":{"start":{"line":95,"column":10},"end":{"line":95,"column":29}},"45":{"start":{"line":97,"column":10},"end":{"line":112,"column":13}},"46":{"start":{"line":99,"column":12},"end":{"line":110,"column":15}},"47":{"start":{"line":100,"column":14},"end":{"line":100,"column":76}},"48":{"start":{"line":101,"column":14},"end":{"line":101,"column":77}},"49":{"start":{"line":103,"column":14},"end":{"line":105,"column":15}},"50":{"start":{"line":104,"column":16},"end":{"line":104,"column":65}},"51":{"start":{"line":107,"column":14},"end":{"line":109,"column":15}},"52":{"start":{"line":108,"column":16},"end":{"line":108,"column":43}},"53":{"start":{"line":116,"column":6},"end":{"line":116,"column":26}},"54":{"start":{"line":122,"column":0},"end":{"line":137,"column":1}},"55":{"start":{"line":123,"column":2},"end":{"line":123,"column":19}},"56":{"start":{"line":125,"column":2},"end":{"line":127,"column":3}},"57":{"start":{"line":126,"column":4},"end":{"line":126,"column":17}},"58":{"start":{"line":129,"column":2},"end":{"line":134,"column":3}},"59":{"start":{"line":131,"column":4},"end":{"line":133,"column":5}},"60":{"start":{"line":132,"column":6},"end":{"line":132,"column":19}},"61":{"start":{"line":136,"column":2},"end":{"line":136,"column":14}}},"branchMap":{"1":{"line":28,"type":"if","locations":[{"start":{"line":28,"column":4},"end":{"line":28,"column":4}},{"start":{"line":28,"column":4},"end":{"line":28,"column":4}}]},"2":{"line":37,"type":"if","locations":[{"start":{"line":37,"column":6},"end":{"line":37,"column":6}},{"start":{"line":37,"column":6},"end":{"line":37,"column":6}}]},"3":{"line":39,"type":"if","locations":[{"start":{"line":39,"column":8},"end":{"line":39,"column":8}},{"start":{"line":39,"column":8},"end":{"line":39,"column":8}}]},"4":{"line":39,"type":"binary-expr","locations":[{"start":{"line":39,"column":12},"end":{"line":39,"column":36}},{"start":{"line":39,"column":40},"end":{"line":39,"column":75}}]},"5":{"line":45,"type":"if","locations":[{"start":{"line":45,"column":12},"end":{"line":45,"column":12}},{"start":{"line":45,"column":12},"end":{"line":45,"column":12}}]},"6":{"line":45,"type":"binary-expr","locations":[{"start":{"line":45,"column":16},"end":{"line":45,"column":34}},{"start":{"line":45,"column":38},"end":{"line":45,"column":81}}]},"7":{"line":51,"type":"if","locations":[{"start":{"line":51,"column":8},"end":{"line":51,"column":8}},{"start":{"line":51,"column":8},"end":{"line":51,"column":8}}]},"8":{"line":51,"type":"binary-expr","locations":[{"start":{"line":51,"column":12},"end":{"line":51,"column":34}},{"start":{"line":51,"column":38},"end":{"line":51,"column":71}}]},"9":{"line":57,"type":"if","locations":[{"start":{"line":57,"column":12},"end":{"line":57,"column":12}},{"start":{"line":57,"column":12},"end":{"line":57,"column":12}}]},"10":{"line":57,"type":"binary-expr","locations":[{"start":{"line":57,"column":16},"end":{"line":57,"column":34}},{"start":{"line":57,"column":38},"end":{"line":57,"column":81}}]},"11":{"line":64,"type":"if","locations":[{"start":{"line":64,"column":6},"end":{"line":64,"column":6}},{"start":{"line":64,"column":6},"end":{"line":64,"column":6}}]},"12":{"line":66,"type":"if","locations":[{"start":{"line":66,"column":8},"end":{"line":66,"column":8}},{"start":{"line":66,"column":8},"end":{"line":66,"column":8}}]},"13":{"line":66,"type":"binary-expr","locations":[{"start":{"line":66,"column":12},"end":{"line":66,"column":30}},{"start":{"line":66,"column":34},"end":{"line":66,"column":63}}]},"14":{"line":70,"type":"if","locations":[{"start":{"line":70,"column":12},"end":{"line":70,"column":12}},{"start":{"line":70,"column":12},"end":{"line":70,"column":12}}]},"15":{"line":77,"type":"if","locations":[{"start":{"line":77,"column":12},"end":{"line":77,"column":12}},{"start":{"line":77,"column":12},"end":{"line":77,"column":12}}]},"16":{"line":77,"type":"binary-expr","locations":[{"start":{"line":77,"column":16},"end":{"line":77,"column":34}},{"start":{"line":77,"column":38},"end":{"line":77,"column":81}}]},"17":{"line":83,"type":"if","locations":[{"start":{"line":83,"column":8},"end":{"line":83,"column":8}},{"start":{"line":83,"column":8},"end":{"line":83,"column":8}}]},"18":{"line":87,"type":"cond-expr","locations":[{"start":{"line":87,"column":52},"end":{"line":87,"column":77}},{"start":{"line":87,"column":80},"end":{"line":87,"column":101}}]},"19":{"line":103,"type":"if","locations":[{"start":{"line":103,"column":14},"end":{"line":103,"column":14}},{"start":{"line":103,"column":14},"end":{"line":103,"column":14}}]},"20":{"line":103,"type":"binary-expr","locations":[{"start":{"line":103,"column":18},"end":{"line":103,"column":35}},{"start":{"line":103,"column":39},"end":{"line":103,"column":62}}]},"21":{"line":107,"type":"if","locations":[{"start":{"line":107,"column":14},"end":{"line":107,"column":14}},{"start":{"line":107,"column":14},"end":{"line":107,"column":14}}]},"22":{"line":107,"type":"binary-expr","locations":[{"start":{"line":107,"column":18},"end":{"line":107,"column":36}},{"start":{"line":107,"column":40},"end":{"line":107,"column":83}}]},"23":{"line":125,"type":"if","locations":[{"start":{"line":125,"column":2},"end":{"line":125,"column":2}},{"start":{"line":125,"column":2},"end":{"line":125,"column":2}}]},"24":{"line":131,"type":"if","locations":[{"start":{"line":131,"column":4},"end":{"line":131,"column":4}},{"start":{"line":131,"column":4},"end":{"line":131,"column":4}}]}},"code":["//#!/usr/bin/env node","","var path = require('path');","","var logger = require('./logger'),","  recipes = require('./recipes'),","  compat = require('appc-compat');","","exports.uninstall = uninstall;","exports.generate = generate;","","var PATH = path.resolve(__dirname, '..', 'hooks');","","function uninstall() {","  logger.info('Uninstalling the old 2.x Titanium CLI hook..\\n');","","  compat.ti(['config', 'paths.hooks', '--remove', PATH], {","    stdio: 'inherit'","  }, function () {});","}","","function generate() {","","  logger.info('Looking up connected devices, emulators and simulators..');","","  compat.ti(['info', '-o', 'json'], function process(error, stdout, stderr) { // jshint unused: false","","    if (error) {","      logger.error('Failed to read Titanium info: ' + JSON.stringify([error, stderr]));","","    } else {","","      console.log();","","      var config = JSON.parse(stdout);","","      if (config.android) {","","        if (config.android.emulators && config.android.emulators.length > 0) {","","          config.android.emulators.forEach(function forEach(dev) {","            var name = dev.name.toLowerCase().replace(/\\.+/g, '').replace(/[^a-z0-9]+/g, '-');","            var recipe = ['--android', '--emulator', '--device-id', dev.name];","","            if (!recipes.has(name) || !arraysIdentical(recipes.get(name), recipe)) {","              recipes.save(name, recipe);","            }","          });","        }","","        if (config.android.devices && config.android.devices.length > 0) {","","          config.android.devices.forEach(function forEach(dev) {","            var name = dev.name.toLowerCase().replace(/\\.+/g, '').replace(/[^a-z0-9]+/g, '-');","            var recipe = ['--android', '--device', '--device-id', dev.id];","","            if (!recipes.has(name) || !arraysIdentical(recipes.get(name), recipe)) {","              recipes.save(name, recipe);","            }","          });","        }","      }","","      if (config.ios) {","","        if (config.ios.devices && config.ios.devices.length > 0) {","","          config.ios.devices.forEach(function forEach(dev) {","","            if (dev.udid === 'itunes') {","              return;","            }","","            var name = dev.name.toLowerCase().replace(/[^a-z0-9]+/g, '-');","            var recipe = ['--ios', '--device', '--device-id', dev.udid];","","            if (!recipes.has(name) || !arraysIdentical(recipes.get(name), recipe)) {","              recipes.save(name, recipe);","            }","          });","        }","","        if (config.ios.simulators) {","          var version, versions = [];","","          // Ti 5.0 has a ios and watch object","          var iosSims = config.ios.simulators.ios ? config.ios.simulators.ios : config.ios.simulators;","","          for (version in iosSims) {","            versions.push(version);","          }","","          // we want newest versoon first","          versions.sort();","          versions.reverse();","","          versions.forEach(function forEach(version) {","","            iosSims[version].forEach(function forEach(dev) {","              var name = dev.name.toLowerCase().replace(/[^a-z0-9]+/g, '-');","              var recipe = ['--ios', '--simulator', '--device-id', dev.udid];","","              if (recipes.has(name) && versions[0] !== version) {","                name = name + '-ios' + version.replace(/\\./, '');","              }","","              if (!recipes.has(name) || !arraysIdentical(recipes.get(name), recipe)) {","                recipes.save(name, recipe);","              }","            });","","          });","        }","      }","","      logger.info('Done');","    }","","  });","}","","function arraysIdentical(a, b) {","  var i = a.length;","","  if (i !== b.length) {","    return false;","  }","","  while (i--) {","","    if (a[i] !== b[i]) {","      return false;","    }","  }","","  return true;","}",""],"l":{"3":1,"5":1,"9":1,"10":1,"12":1,"14":1,"15":0,"17":0,"22":1,"24":0,"26":0,"28":0,"29":0,"33":0,"35":0,"37":0,"39":0,"41":0,"42":0,"43":0,"45":0,"46":0,"51":0,"53":0,"54":0,"55":0,"57":0,"58":0,"64":0,"66":0,"68":0,"70":0,"71":0,"74":0,"75":0,"77":0,"78":0,"83":0,"84":0,"87":0,"89":0,"90":0,"94":0,"95":0,"97":0,"99":0,"100":0,"101":0,"103":0,"104":0,"107":0,"108":0,"116":0,"122":1,"123":0,"125":0,"126":0,"129":0,"131":0,"132":0,"136":0}}}